Log file open, 04/18/23 13:44:43
LogWindows: Failed to load 'aqProf.dll' (GetLastError=126)
LogWindows: File 'aqProf.dll' does not exist
LogWindows: Failed to load 'VtuneApi.dll' (GetLastError=126)
LogWindows: File 'VtuneApi.dll' does not exist
LogWindows: Failed to load 'VtuneApi32e.dll' (GetLastError=126)
LogWindows: File 'VtuneApi32e.dll' does not exist
LogConsoleResponse: Display: Failed to find resolution value strings in scalability ini. Falling back to default.
LogConsoleResponse: Display: Failed to find resolution value strings in scalability ini. Falling back to default.
LogInit: Display: Running engine for game: GraduationWork
LogPlatformFile: Not using cached read wrapper
LogTaskGraph: Started task graph with 5 named threads and 35 total threads with 3 sets of task threads.
LogStats: Stats thread started at 0.341122
LogICUInternationalization: ICU TimeZone Detection - Raw Offset: +9:00, Platform Override: ''
LogInit: Display: Loading text-based GConfig....
LogPluginManager: Mounting plugin MeshPainting
LogPluginManager: Mounting plugin XGEController
LogPluginManager: Mounting plugin Paper2D
LogPluginManager: Mounting plugin AISupport
LogPluginManager: Mounting plugin EnvironmentQueryEditor
LogPluginManager: Mounting plugin CameraShakePreviewer
LogPluginManager: Mounting plugin GameplayCameras
LogPluginManager: Mounting plugin LightPropagationVolume
LogPluginManager: Mounting plugin LiveLink
LogPluginManager: Mounting plugin OodleData
LogPluginManager: Mounting plugin OodleNetwork
LogPluginManager: Mounting plugin AssetManagerEditor
LogPluginManager: Mounting plugin DataValidation
LogPluginManager: Mounting plugin FacialAnimation
LogPluginManager: Mounting plugin GameplayTagsEditor
LogPluginManager: Mounting plugin CryptoKeys
LogPluginManager: Mounting plugin GeometryMode
LogPluginManager: Mounting plugin CurveEditorTools
LogPluginManager: Mounting plugin MacGraphicsSwitching
LogPluginManager: Mounting plugin MaterialAnalyzer
LogPluginManager: Mounting plugin MobileLauncherProfileWizard
LogPluginManager: Mounting plugin SpeedTreeImporter
LogPluginManager: Mounting plugin PluginBrowser
LogPluginManager: Mounting plugin DatasmithContent
LogPluginManager: Mounting plugin VariantManagerContent
LogPluginManager: Mounting plugin AnimationSharing
LogPluginManager: Mounting plugin AlembicImporter
LogPluginManager: Mounting plugin AutomationUtils
LogPluginManager: Mounting plugin BackChannel
LogPluginManager: Mounting plugin ChaosClothEditor
LogPluginManager: Mounting plugin ChaosNiagara
LogPluginManager: Mounting plugin ChaosEditor
LogPluginManager: Mounting plugin ChaosCloth
LogPluginManager: Mounting plugin CharacterAI
LogPluginManager: Mounting plugin ChaosSolverPlugin
LogPluginManager: Mounting plugin GeometryCache
LogPluginManager: Mounting plugin GeometryCollectionPlugin
LogPluginManager: Mounting plugin CLionSourceCodeAccess
LogPluginManager: Mounting plugin Niagara
LogPluginManager: Mounting plugin CodeLiteSourceCodeAccess
LogPluginManager: Mounting plugin GeometryProcessing
LogPluginManager: Mounting plugin GitSourceControl
LogPluginManager: Mounting plugin NullSourceCodeAccess
LogPluginManager: Mounting plugin KDevelopSourceCodeAccess
LogPluginManager: Mounting plugin PerforceSourceControl
LogPluginManager: Mounting plugin PixWinPlugin
LogPluginManager: Mounting plugin MotoSynth
LogPluginManager: Mounting plugin OpenImageDenoise
LogPluginManager: Mounting plugin PlasticSourceControl
LogPluginManager: Mounting plugin PlatformCrypto
LogPluginManager: Mounting plugin PluginUtils
LogPluginManager: Mounting plugin ProxyLODPlugin
LogPluginManager: Mounting plugin PlanarCut
LogPluginManager: Mounting plugin PropertyAccessNode
LogPluginManager: Mounting plugin PythonScriptPlugin
LogPluginManager: Mounting plugin RiderSourceCodeAccess
LogPluginManager: Mounting plugin SubversionSourceControl
LogPluginManager: Mounting plugin UObjectPlugin
LogPluginManager: Mounting plugin TextureFormatOodle
LogPluginManager: Mounting plugin SkeletalReduction
LogPluginManager: Mounting plugin VisualStudioCodeSourceCodeAccess
LogPluginManager: Mounting plugin XCodeSourceCodeAccess
LogPluginManager: Mounting plugin VisualStudioSourceCodeAccess
LogPluginManager: Mounting plugin LuminPlatformFeatures
LogPluginManager: Mounting plugin MagicLeap
LogPluginManager: Mounting plugin MagicLeapLightEstimation
LogPluginManager: Mounting plugin MagicLeapMedia
LogPluginManager: Mounting plugin MLSDK
LogPluginManager: Mounting plugin MagicLeapPassableWorld
LogPluginManager: Mounting plugin AndroidMedia
LogPluginManager: Mounting plugin AvfMedia
LogPluginManager: Mounting plugin ImgMedia
LogPluginManager: Mounting plugin MediaCompositing
LogPluginManager: Mounting plugin MediaPlayerEditor
LogPluginManager: Mounting plugin WmfMedia
LogPluginManager: Mounting plugin WebMMedia
LogPluginManager: Mounting plugin TcpMessaging
LogPluginManager: Mounting plugin UdpMessaging
LogPluginManager: Mounting plugin ActorSequence
LogPluginManager: Mounting plugin LevelSequenceEditor
LogPluginManager: Mounting plugin MatineeToLevelSequence
LogPluginManager: Mounting plugin TemplateSequence
LogPluginManager: Mounting plugin OnlineSubsystem
LogPluginManager: Mounting plugin OnlineSubsystemNull
LogPluginManager: Mounting plugin OnlineSubsystemUtils
LogPluginManager: Mounting plugin LauncherChunkInstaller
LogPluginManager: Mounting plugin ActorLayerUtilities
LogPluginManager: Mounting plugin AndroidDeviceProfileSelector
LogPluginManager: Mounting plugin AndroidMoviePlayer
LogPluginManager: Mounting plugin AndroidPermission
LogPluginManager: Mounting plugin AppleMoviePlayer
LogPluginManager: Mounting plugin ArchVisCharacter
LogPluginManager: Mounting plugin AppleImageUtils
LogPluginManager: Mounting plugin AssetTags
LogPluginManager: Mounting plugin AudioCapture
LogPluginManager: Mounting plugin CableComponent
LogPluginManager: Mounting plugin AudioSynesthesia
LogPluginManager: Mounting plugin ChunkDownloader
LogPluginManager: Mounting plugin CustomMeshComponent
LogPluginManager: Mounting plugin EditableMesh
LogPluginManager: Mounting plugin ExampleDeviceProfileSelector
LogPluginManager: Mounting plugin GoogleCloudMessaging
LogPluginManager: Mounting plugin GooglePAD
LogPluginManager: Mounting plugin IOSDeviceProfileSelector
LogPluginManager: Mounting plugin LinuxDeviceProfileSelector
LogPluginManager: Mounting plugin LocationServicesBPLibrary
LogPluginManager: Mounting plugin MobilePatchingUtils
LogPluginManager: Mounting plugin OpenXR
LogPluginManager: Mounting plugin OpenXREyeTracker
LogPluginManager: Mounting plugin OpenXRHandTracking
LogPluginManager: Mounting plugin PhysXVehicles
LogPluginManager: Mounting plugin Takes
LogPluginManager: Mounting plugin PostSplashScreen
LogPluginManager: Mounting plugin ScreenshotTools
LogPluginManager: Mounting plugin ProceduralMeshComponent
LogPluginManager: Mounting plugin PropertyAccessEditor
LogPluginManager: Mounting plugin RuntimePhysXCooking
LogPluginManager: Mounting plugin SignificanceManager
LogPluginManager: Mounting plugin SoundFields
LogPluginManager: Mounting plugin WebMMoviePlayer
LogPluginManager: Mounting plugin Synthesis
LogPluginManager: Mounting plugin WindowsMoviePlayer
LogPluginManager: Mounting plugin ContentBrowserAssetDataSource
LogPluginManager: Mounting plugin ContentBrowserFileDataSource
LogPluginManager: Mounting plugin ContentBrowserClassDataSource
LogPluginManager: Mounting plugin OnlineSubsystemIOS
LogPluginManager: Mounting plugin OnlineSubsystemGooglePlay
LogPluginManager: Mounting plugin OculusVR
LogPluginManager: Mounting plugin SteamVR
PixWinPlugin: PIX capture plugin failed to initialize! Check that the process is launched from PIX.
LogLuminAPIImpl: Warning: MLSDK not found.  This likely means the MLSDK environment variable is not set.
LogInit: Using libcurl 7.55.1-DEV
LogInit:  - built for x86_64-pc-win32
LogInit:  - supports SSL with OpenSSL/1.1.1
LogInit:  - supports HTTP deflate (compression) using libz 1.2.8
LogInit:  - other features:
LogInit:      CURL_VERSION_SSL
LogInit:      CURL_VERSION_LIBZ
LogInit:      CURL_VERSION_IPV6
LogInit:      CURL_VERSION_ASYNCHDNS
LogInit:      CURL_VERSION_LARGEFILE
LogInit:      CURL_VERSION_IDN
LogInit:  CurlRequestOptions (configurable via config and command line):
LogInit:  - bVerifyPeer = true  - Libcurl will verify peer certificate
LogInit:  - bUseHttpProxy = false  - Libcurl will NOT use HTTP proxy
LogInit:  - bDontReuseConnections = false  - Libcurl will reuse connections
LogInit:  - MaxHostConnections = 16  - Libcurl will limit the number of connections to a host
LogInit:  - LocalHostAddr = Default
LogInit:  - BufferSize = 65536
LogOnline: OSS: Creating online subsystem instance for: NULL
LogInit: WinSock: version 1.1 (2.2), MaxSocks=32767, MaxUdp=65467
LogOnline: OSS: TryLoadSubsystemAndSetDefault: Loaded subsystem for module [NULL]
LogOculusPluginWrapper: OculusPlugin initialized successfully
LogHMD: Failed initializing OVRPlugin 1.59.0
LogInit: Build: ++UE4+Release-4.27-CL-18319896
LogInit: Engine Version: 4.27.2-18319896+++UE4+Release-4.27
LogInit: Compatible Engine Version: 4.27.0-17155196+++UE4+Release-4.27
LogInit: Net CL: 17155196
LogInit: OS: Windows 10 (Release 2009) (), CPU: Intel(R) Core(TM) i7-9750H CPU @ 2.60GHz, GPU: Intel(R) UHD Graphics 630
LogInit: Compiled (64-bit): Nov 30 2021 07:12:08
LogInit: Compiled with Visual C++: 19.24.28315.00
LogInit: Build Configuration: Development
LogInit: Branch Name: ++UE4+Release-4.27
LogInit: Command Line:  -EpicPortal -epicusername=299fumifumi -epicuserid=d188b7d570a74c54b29bd2ddbd225e4e -epiclocale=ja -epicsandboxid=ue
LogInit: Base Directory: D:/Program Files/Epic Games/UE_4.27/Engine/Binaries/Win64/
LogInit: Allocator: TBB
LogInit: Installed Engine Build: 1
LogDevObjectVersion: Number of dev versions registered: 29
LogDevObjectVersion:   Dev-Blueprints (B0D832E4-1F89-4F0D-ACCF-7EB736FD4AA2): 10
LogDevObjectVersion:   Dev-Build (E1C64328-A22C-4D53-A36C-8E866417BD8C): 0
LogDevObjectVersion:   Dev-Core (375EC13C-06E4-48FB-B500-84F0262A717E): 4
LogDevObjectVersion:   Dev-Editor (E4B068ED-F494-42E9-A231-DA0B2E46BB41): 40
LogDevObjectVersion:   Dev-Framework (CFFC743F-43B0-4480-9391-14DF171D2073): 37
LogDevObjectVersion:   Dev-Mobile (B02B49B5-BB20-44E9-A304-32B752E40360): 3
LogDevObjectVersion:   Dev-Networking (A4E4105C-59A1-49B5-A7C5-40C4547EDFEE): 0
LogDevObjectVersion:   Dev-Online (39C831C9-5AE6-47DC-9A44-9C173E1C8E7C): 0
LogDevObjectVersion:   Dev-Physics (78F01B33-EBEA-4F98-B9B4-84EACCB95AA2): 14
LogDevObjectVersion:   Dev-Platform (6631380F-2D4D-43E0-8009-CF276956A95A): 0
LogDevObjectVersion:   Dev-Rendering (12F88B9F-8875-4AFC-A67C-D90C383ABD29): 45
LogDevObjectVersion:   Dev-Sequencer (7B5AE74C-D270-4C10-A958-57980B212A5A): 13
LogDevObjectVersion:   Dev-VR (D7296918-1DD6-4BDD-9DE2-64A83CC13884): 3
LogDevObjectVersion:   Dev-LoadTimes (C2A15278-BFE7-4AFE-6C17-90FF531DF755): 1
LogDevObjectVersion:   Private-Geometry (6EACA3D4-40EC-4CC1-B786-8BED09428FC5): 3
LogDevObjectVersion:   Dev-AnimPhys (29E575DD-E0A3-4627-9D10-D276232CDCEA): 17
LogDevObjectVersion:   Dev-Anim (AF43A65D-7FD3-4947-9873-3E8ED9C1BB05): 15
LogDevObjectVersion:   Dev-ReflectionCapture (6B266CEC-1EC7-4B8F-A30B-E4D90942FC07): 1
LogDevObjectVersion:   Dev-Automation (0DF73D61-A23F-47EA-B727-89E90C41499A): 1
LogDevObjectVersion:   FortniteMain (601D1886-AC64-4F84-AA16-D3DE0DEAC7D6): 47
LogDevObjectVersion:   FortniteRelease (E7086368-6B23-4C58-8439-1B7016265E91): 1
LogDevObjectVersion:   Dev-Enterprise (9DFFBCD6-494F-0158-E221-12823C92A888): 10
LogDevObjectVersion:   Dev-Niagara (F2AED0AC-9AFE-416F-8664-AA7FFA26D6FC): 1
LogDevObjectVersion:   Dev-Destruction (174F1F0B-B4C6-45A5-B13F-2EE8D0FB917D): 10
LogDevObjectVersion:   Dev-Physics-Ext (35F94A83-E258-406C-A318-09F59610247C): 41
LogDevObjectVersion:   Dev-PhysicsMaterial-Chaos (B68FC16E-8B1B-42E2-B453-215C058844FE): 1
LogDevObjectVersion:   Dev-CineCamera (B2E18506-4273-CFC2-A54E-F4BB758BBA07): 1
LogDevObjectVersion:   Dev-VirtualProduction (64F58936-FD1B-42BA-BA96-7289D5D0FA4E): 1
LogDevObjectVersion:   Dev-MediaFramework (6F0ED827-A609-4895-9C91-998D90180EA4): 2
LogInit: Presizing for max 25165824 objects, including 0 objects not considered by GC, pre-allocating 0 bytes for permanent pool.
LogConfig: Applying CVar settings from Section [/Script/Engine.StreamingSettings] File [D:/Git/Sotusei/GraduationWork/Saved/Config/Windows/Engine.ini]
LogConfig: Setting CVar [[s.MinBulkDataSizeForAsyncLoading:131072]]
LogConfig: Setting CVar [[s.AsyncLoadingThreadEnabled:0]]
LogConfig: Setting CVar [[s.EventDrivenLoaderEnabled:1]]
LogConfig: Setting CVar [[s.WarnIfTimeLimitExceeded:0]]
LogConfig: Setting CVar [[s.TimeLimitExceededMultiplier:1.5]]
LogConfig: Setting CVar [[s.TimeLimitExceededMinTime:0.005]]
LogConfig: Setting CVar [[s.UseBackgroundLevelStreaming:1]]
LogConfig: Setting CVar [[s.PriorityAsyncLoadingExtraTime:15.0]]
LogConfig: Setting CVar [[s.LevelStreamingActorsUpdateTimeLimit:5.0]]
LogConfig: Setting CVar [[s.PriorityLevelStreamingActorsUpdateExtraTime:5.0]]
LogConfig: Setting CVar [[s.LevelStreamingComponentsRegistrationGranularity:10]]
LogConfig: Setting CVar [[s.UnregisterComponentsTimeLimit:1.0]]
LogConfig: Setting CVar [[s.LevelStreamingComponentsUnregistrationGranularity:5]]
LogConfig: Setting CVar [[s.FlushStreamingOnExit:1]]
LogInit: Object subsystem initialized
LogConfig: Setting CVar [[con.DebugEarlyDefault:1]]
LogConfig: Setting CVar [[r.setres:1280x720]]
[2023.04.18-04.44.44:220][  0]LogConfig: Setting CVar [[r.VSync:0]]
[2023.04.18-04.44.44:220][  0]LogConfig: Setting CVar [[r.RHICmdBypass:0]]
[2023.04.18-04.44.44:220][  0]LogConfig: Applying CVar settings from Section [/Script/Engine.RendererSettings] File [D:/Git/Sotusei/GraduationWork/Saved/Config/Windows/Engine.ini]
[2023.04.18-04.44.44:220][  0]LogConfig: Setting CVar [[r.GPUCrashDebugging:0]]
[2023.04.18-04.44.44:220][  0]LogConfig: Applying CVar settings from Section [/Script/Engine.RendererOverrideSettings] File [D:/Git/Sotusei/GraduationWork/Saved/Config/Windows/Engine.ini]
[2023.04.18-04.44.44:220][  0]LogConfig: Applying CVar settings from Section [/Script/Engine.StreamingSettings] File [D:/Git/Sotusei/GraduationWork/Saved/Config/Windows/Engine.ini]
[2023.04.18-04.44.44:220][  0]LogConfig: Setting CVar [[s.MinBulkDataSizeForAsyncLoading:131072]]
[2023.04.18-04.44.44:220][  0]LogConfig: Setting CVar [[s.AsyncLoadingThreadEnabled:0]]
[2023.04.18-04.44.44:220][  0]LogConfig: Setting CVar [[s.EventDrivenLoaderEnabled:1]]
[2023.04.18-04.44.44:220][  0]LogConfig: Setting CVar [[s.WarnIfTimeLimitExceeded:0]]
[2023.04.18-04.44.44:220][  0]LogConfig: Setting CVar [[s.TimeLimitExceededMultiplier:1.5]]
[2023.04.18-04.44.44:220][  0]LogConfig: Setting CVar [[s.TimeLimitExceededMinTime:0.005]]
[2023.04.18-04.44.44:220][  0]LogConfig: Setting CVar [[s.UseBackgroundLevelStreaming:1]]
[2023.04.18-04.44.44:220][  0]LogConfig: Setting CVar [[s.PriorityAsyncLoadingExtraTime:15.0]]
[2023.04.18-04.44.44:220][  0]LogConfig: Setting CVar [[s.LevelStreamingActorsUpdateTimeLimit:5.0]]
[2023.04.18-04.44.44:220][  0]LogConfig: Setting CVar [[s.PriorityLevelStreamingActorsUpdateExtraTime:5.0]]
[2023.04.18-04.44.44:220][  0]LogConfig: Setting CVar [[s.LevelStreamingComponentsRegistrationGranularity:10]]
[2023.04.18-04.44.44:220][  0]LogConfig: Setting CVar [[s.UnregisterComponentsTimeLimit:1.0]]
[2023.04.18-04.44.44:220][  0]LogConfig: Setting CVar [[s.LevelStreamingComponentsUnregistrationGranularity:5]]
[2023.04.18-04.44.44:220][  0]LogConfig: Setting CVar [[s.FlushStreamingOnExit:1]]
[2023.04.18-04.44.44:220][  0]LogConfig: Applying CVar settings from Section [/Script/Engine.GarbageCollectionSettings] File [D:/Git/Sotusei/GraduationWork/Saved/Config/Windows/Engine.ini]
[2023.04.18-04.44.44:220][  0]LogConfig: Setting CVar [[gc.MaxObjectsNotConsideredByGC:1]]
[2023.04.18-04.44.44:220][  0]LogConfig: Setting CVar [[gc.SizeOfPermanentObjectPool:0]]
[2023.04.18-04.44.44:221][  0]LogConfig: Setting CVar [[gc.FlushStreamingOnGC:0]]
[2023.04.18-04.44.44:221][  0]LogConfig: Setting CVar [[gc.NumRetriesBeforeForcingGC:10]]
[2023.04.18-04.44.44:221][  0]LogConfig: Setting CVar [[gc.AllowParallelGC:1]]
[2023.04.18-04.44.44:221][  0]LogConfig: Setting CVar [[gc.TimeBetweenPurgingPendingKillObjects:61.1]]
[2023.04.18-04.44.44:221][  0]LogConfig: Setting CVar [[gc.MaxObjectsInEditor:25165824]]
[2023.04.18-04.44.44:221][  0]LogConfig: Setting CVar [[gc.IncrementalBeginDestroyEnabled:1]]
[2023.04.18-04.44.44:221][  0]LogConfig: Setting CVar [[gc.CreateGCClusters:1]]
[2023.04.18-04.44.44:221][  0]LogConfig: Setting CVar [[gc.MinGCClusterSize:5]]
[2023.04.18-04.44.44:221][  0]LogConfig: Setting CVar [[gc.ActorClusteringEnabled:0]]
[2023.04.18-04.44.44:221][  0]LogConfig: Setting CVar [[gc.BlueprintClusteringEnabled:0]]
[2023.04.18-04.44.44:221][  0]LogConfig: Setting CVar [[gc.UseDisregardForGCOnDedicatedServers:0]]
[2023.04.18-04.44.44:221][  0]LogConfig: Setting CVar [[gc.MultithreadedDestructionEnabled:1]]
[2023.04.18-04.44.44:221][  0]LogConfig: Applying CVar settings from Section [/Script/Engine.NetworkSettings] File [D:/Git/Sotusei/GraduationWork/Saved/Config/Windows/Engine.ini]
[2023.04.18-04.44.44:221][  0]LogConfig: Applying CVar settings from Section [/Script/UnrealEd.CookerSettings] File [D:/Git/Sotusei/GraduationWork/Saved/Config/Windows/Engine.ini]
[2023.04.18-04.44.44:225][  0]LogConfig: Applying CVar settings from Section [ViewDistanceQuality@3] File [D:/Git/Sotusei/GraduationWork/Saved/Config/Windows/Scalability.ini]
[2023.04.18-04.44.44:225][  0]LogConfig: Setting CVar [[r.SkeletalMeshLODBias:0]]
[2023.04.18-04.44.44:225][  0]LogConfig: Setting CVar [[r.ViewDistanceScale:1.0]]
[2023.04.18-04.44.44:225][  0]LogConfig: Applying CVar settings from Section [AntiAliasingQuality@3] File [D:/Git/Sotusei/GraduationWork/Saved/Config/Windows/Scalability.ini]
[2023.04.18-04.44.44:225][  0]LogConfig: Setting CVar [[r.PostProcessAAQuality:4]]
[2023.04.18-04.44.44:225][  0]LogConfig: Applying CVar settings from Section [ShadowQuality@3] File [D:/Git/Sotusei/GraduationWork/Saved/Config/Windows/Scalability.ini]
[2023.04.18-04.44.44:225][  0]LogConfig: Setting CVar [[r.LightFunctionQuality:1]]
[2023.04.18-04.44.44:225][  0]LogConfig: Setting CVar [[r.ShadowQuality:5]]
[2023.04.18-04.44.44:225][  0]LogConfig: Setting CVar [[r.Shadow.CSM.MaxCascades:10]]
[2023.04.18-04.44.44:225][  0]LogConfig: Setting CVar [[r.Shadow.MaxResolution:2048]]
[2023.04.18-04.44.44:226][  0]LogConfig: Setting CVar [[r.Shadow.MaxCSMResolution:2048]]
[2023.04.18-04.44.44:226][  0]LogConfig: Setting CVar [[r.Shadow.RadiusThreshold:0.01]]
[2023.04.18-04.44.44:226][  0]LogConfig: Setting CVar [[r.Shadow.DistanceScale:1.0]]
[2023.04.18-04.44.44:226][  0]LogConfig: Setting CVar [[r.Shadow.CSM.TransitionScale:1.0]]
[2023.04.18-04.44.44:226][  0]LogConfig: Setting CVar [[r.Shadow.PreShadowResolutionFactor:1.0]]
[2023.04.18-04.44.44:226][  0]LogConfig: Setting CVar [[r.DistanceFieldShadowing:1]]
[2023.04.18-04.44.44:226][  0]LogConfig: Setting CVar [[r.DistanceFieldAO:1]]
[2023.04.18-04.44.44:226][  0]LogConfig: Setting CVar [[r.AOQuality:2]]
[2023.04.18-04.44.44:226][  0]LogConfig: Setting CVar [[r.VolumetricFog:1]]
[2023.04.18-04.44.44:226][  0]LogConfig: Setting CVar [[r.VolumetricFog.GridPixelSize:8]]
[2023.04.18-04.44.44:226][  0]LogConfig: Setting CVar [[r.VolumetricFog.GridSizeZ:128]]
[2023.04.18-04.44.44:226][  0]LogConfig: Setting CVar [[r.VolumetricFog.HistoryMissSupersampleCount:4]]
[2023.04.18-04.44.44:226][  0]LogConfig: Setting CVar [[r.LightMaxDrawDistanceScale:1]]
[2023.04.18-04.44.44:226][  0]LogConfig: Setting CVar [[r.CapsuleShadows:1]]
[2023.04.18-04.44.44:226][  0]LogConfig: Applying CVar settings from Section [PostProcessQuality@3] File [D:/Git/Sotusei/GraduationWork/Saved/Config/Windows/Scalability.ini]
[2023.04.18-04.44.44:226][  0]LogConfig: Setting CVar [[r.MotionBlurQuality:4]]
[2023.04.18-04.44.44:226][  0]LogConfig: Setting CVar [[r.AmbientOcclusionMipLevelFactor:0.4]]
[2023.04.18-04.44.44:226][  0]LogConfig: Setting CVar [[r.AmbientOcclusionMaxQuality:100]]
[2023.04.18-04.44.44:226][  0]LogConfig: Setting CVar [[r.AmbientOcclusionLevels:-1]]
[2023.04.18-04.44.44:226][  0]LogConfig: Setting CVar [[r.AmbientOcclusionRadiusScale:1.0]]
[2023.04.18-04.44.44:226][  0]LogConfig: Setting CVar [[r.DepthOfFieldQuality:2]]
[2023.04.18-04.44.44:226][  0]LogConfig: Setting CVar [[r.RenderTargetPoolMin:400]]
[2023.04.18-04.44.44:226][  0]LogConfig: Setting CVar [[r.LensFlareQuality:2]]
[2023.04.18-04.44.44:226][  0]LogConfig: Setting CVar [[r.SceneColorFringeQuality:1]]
[2023.04.18-04.44.44:226][  0]LogConfig: Setting CVar [[r.EyeAdaptationQuality:2]]
[2023.04.18-04.44.44:226][  0]LogConfig: Setting CVar [[r.BloomQuality:5]]
[2023.04.18-04.44.44:226][  0]LogConfig: Setting CVar [[r.FastBlurThreshold:100]]
[2023.04.18-04.44.44:226][  0]LogConfig: Setting CVar [[r.Upscale.Quality:3]]
[2023.04.18-04.44.44:226][  0]LogConfig: Setting CVar [[r.Tonemapper.GrainQuantization:1]]
[2023.04.18-04.44.44:226][  0]LogConfig: Setting CVar [[r.LightShaftQuality:1]]
[2023.04.18-04.44.44:226][  0]LogConfig: Setting CVar [[r.Filter.SizeScale:1]]
[2023.04.18-04.44.44:226][  0]LogConfig: Setting CVar [[r.Tonemapper.Quality:5]]
[2023.04.18-04.44.44:226][  0]LogConfig: Setting CVar [[r.DOF.Gather.AccumulatorQuality:1        ; higher gathering accumulator quality]]
[2023.04.18-04.44.44:226][  0]LogConfig: Setting CVar [[r.DOF.Gather.PostfilterMethod:1          ; Median3x3 postfilering method]]
[2023.04.18-04.44.44:226][  0]LogConfig: Setting CVar [[r.DOF.Gather.EnableBokehSettings:0       ; no bokeh simulation when gathering]]
[2023.04.18-04.44.44:226][  0]LogConfig: Setting CVar [[r.DOF.Gather.RingCount:4                 ; medium number of samples when gathering]]
[2023.04.18-04.44.44:226][  0]LogConfig: Setting CVar [[r.DOF.Scatter.ForegroundCompositing:1    ; additive foreground scattering]]
[2023.04.18-04.44.44:226][  0]LogConfig: Setting CVar [[r.DOF.Scatter.BackgroundCompositing:2    ; additive background scattering]]
[2023.04.18-04.44.44:226][  0]LogConfig: Setting CVar [[r.DOF.Scatter.EnableBokehSettings:1      ; bokeh simulation when scattering]]
[2023.04.18-04.44.44:226][  0]LogConfig: Setting CVar [[r.DOF.Scatter.MaxSpriteRatio:0.1         ; only a maximum of 10% of scattered bokeh]]
[2023.04.18-04.44.44:226][  0]LogConfig: Setting CVar [[r.DOF.Recombine.Quality:1                ; cheap slight out of focus]]
[2023.04.18-04.44.44:226][  0]LogConfig: Setting CVar [[r.DOF.Recombine.EnableBokehSettings:0    ; no bokeh simulation on slight out of focus]]
[2023.04.18-04.44.44:226][  0]LogConfig: Setting CVar [[r.DOF.TemporalAAQuality:1                ; more stable temporal accumulation]]
[2023.04.18-04.44.44:226][  0]LogConfig: Setting CVar [[r.DOF.Kernel.MaxForegroundRadius:0.025]]
[2023.04.18-04.44.44:226][  0]LogConfig: Setting CVar [[r.DOF.Kernel.MaxBackgroundRadius:0.025]]
[2023.04.18-04.44.44:226][  0]LogConfig: Applying CVar settings from Section [TextureQuality@3] File [D:/Git/Sotusei/GraduationWork/Saved/Config/Windows/Scalability.ini]
[2023.04.18-04.44.44:226][  0]LogConfig: Setting CVar [[r.Streaming.MipBias:0]]
[2023.04.18-04.44.44:226][  0]LogConfig: Setting CVar [[r.Streaming.AmortizeCPUToGPUCopy:0]]
[2023.04.18-04.44.44:226][  0]LogConfig: Setting CVar [[r.Streaming.MaxNumTexturesToStreamPerFrame:0]]
[2023.04.18-04.44.44:226][  0]LogConfig: Setting CVar [[r.Streaming.Boost:1]]
[2023.04.18-04.44.44:226][  0]LogConfig: Setting CVar [[r.MaxAnisotropy:8]]
[2023.04.18-04.44.44:226][  0]LogConfig: Setting CVar [[r.VT.MaxAnisotropy:8]]
[2023.04.18-04.44.44:226][  0]LogConfig: Setting CVar [[r.Streaming.LimitPoolSizeToVRAM:0]]
[2023.04.18-04.44.44:226][  0]LogConfig: Setting CVar [[r.Streaming.PoolSize:1000]]
[2023.04.18-04.44.44:226][  0]LogConfig: Setting CVar [[r.Streaming.MaxEffectiveScreenSize:0]]
[2023.04.18-04.44.44:226][  0]LogConfig: Applying CVar settings from Section [EffectsQuality@3] File [D:/Git/Sotusei/GraduationWork/Saved/Config/Windows/Scalability.ini]
[2023.04.18-04.44.44:226][  0]LogConfig: Setting CVar [[r.TranslucencyLightingVolumeDim:64]]
[2023.04.18-04.44.44:226][  0]LogConfig: Setting CVar [[r.RefractionQuality:2]]
[2023.04.18-04.44.44:226][  0]LogConfig: Setting CVar [[r.SSR.Quality:3]]
[2023.04.18-04.44.44:226][  0]LogConfig: Setting CVar [[r.SSR.HalfResSceneColor:0]]
[2023.04.18-04.44.44:226][  0]LogConfig: Setting CVar [[r.SceneColorFormat:4]]
[2023.04.18-04.44.44:226][  0]LogConfig: Setting CVar [[r.DetailMode:2]]
[2023.04.18-04.44.44:226][  0]LogConfig: Setting CVar [[r.TranslucencyVolumeBlur:1]]
[2023.04.18-04.44.44:226][  0]LogConfig: Setting CVar [[r.MaterialQualityLevel:1 ; High quality]]
[2023.04.18-04.44.44:226][  0]LogConfig: Setting CVar [[r.AnisotropicMaterials:1]]
[2023.04.18-04.44.44:226][  0]LogConfig: Setting CVar [[r.SSS.Scale:1]]
[2023.04.18-04.44.44:226][  0]LogConfig: Setting CVar [[r.SSS.SampleSet:2]]
[2023.04.18-04.44.44:226][  0]LogConfig: Setting CVar [[r.SSS.Quality:1]]
[2023.04.18-04.44.44:226][  0]LogConfig: Setting CVar [[r.SSS.HalfRes:0]]
[2023.04.18-04.44.44:226][  0]LogConfig: Setting CVar [[r.SSGI.Quality:3]]
[2023.04.18-04.44.44:226][  0]LogConfig: Setting CVar [[r.EmitterSpawnRateScale:1.0]]
[2023.04.18-04.44.44:226][  0]LogConfig: Setting CVar [[r.ParticleLightQuality:2]]
[2023.04.18-04.44.44:226][  0]LogConfig: Setting CVar [[r.SkyAtmosphere.AerialPerspectiveLUT.FastApplyOnOpaque:1 ; Always have FastSkyLUT 1 in this case to avoid wrong sky]]
[2023.04.18-04.44.44:226][  0]LogConfig: Setting CVar [[r.SkyAtmosphere.AerialPerspectiveLUT.SampleCountMaxPerSlice:4]]
[2023.04.18-04.44.44:226][  0]LogConfig: Setting CVar [[r.SkyAtmosphere.AerialPerspectiveLUT.DepthResolution:16.0]]
[2023.04.18-04.44.44:226][  0]LogConfig: Setting CVar [[r.SkyAtmosphere.FastSkyLUT:1]]
[2023.04.18-04.44.44:226][  0]LogConfig: Setting CVar [[r.SkyAtmosphere.FastSkyLUT.SampleCountMin:4.0]]
[2023.04.18-04.44.44:226][  0]LogConfig: Setting CVar [[r.SkyAtmosphere.FastSkyLUT.SampleCountMax:128.0]]
[2023.04.18-04.44.44:226][  0]LogConfig: Setting CVar [[r.SkyAtmosphere.SampleCountMin:4.0]]
[2023.04.18-04.44.44:226][  0]LogConfig: Setting CVar [[r.SkyAtmosphere.SampleCountMax:128.0]]
[2023.04.18-04.44.44:226][  0]LogConfig: Setting CVar [[r.SkyAtmosphere.TransmittanceLUT.UseSmallFormat:0]]
[2023.04.18-04.44.44:226][  0]LogConfig: Setting CVar [[r.SkyAtmosphere.TransmittanceLUT.SampleCount:10.0]]
[2023.04.18-04.44.44:226][  0]LogConfig: Setting CVar [[r.SkyAtmosphere.MultiScatteringLUT.SampleCount:15.0]]
[2023.04.18-04.44.44:226][  0]LogConfig: Setting CVar [[r.SkyLight.RealTimeReflectionCapture:1]]
[2023.04.18-04.44.44:226][  0]LogConfig: Applying CVar settings from Section [FoliageQuality@3] File [D:/Git/Sotusei/GraduationWork/Saved/Config/Windows/Scalability.ini]
[2023.04.18-04.44.44:226][  0]LogConfig: Setting CVar [[foliage.DensityScale:1.0]]
[2023.04.18-04.44.44:226][  0]LogConfig: Setting CVar [[grass.DensityScale:1.0]]
[2023.04.18-04.44.44:227][  0]LogConfig: Applying CVar settings from Section [ShadingQuality@3] File [D:/Git/Sotusei/GraduationWork/Saved/Config/Windows/Scalability.ini]
[2023.04.18-04.44.44:227][  0]LogConfig: Setting CVar [[r.HairStrands.SkyLighting.IntegrationType:2]]
[2023.04.18-04.44.44:227][  0]LogConfig: Setting CVar [[r.HairStrands.SkyAO.SampleCount:4]]
[2023.04.18-04.44.44:227][  0]LogConfig: Setting CVar [[r.HairStrands.Visibility.MSAA.SamplePerPixel:4]]
[2023.04.18-04.44.44:227][  0]LogInit: Selected Device Profile: [Windows]
[2023.04.18-04.44.44:227][  0]LogInit: Applying CVar settings loaded from the selected device profile: [Windows]
[2023.04.18-04.44.44:227][  0]LogHAL: Display: Platform has ~ 16 GB [17018298368 / 17179869184 / 16], which maps to Larger [LargestMinGB=32, LargerMinGB=12, DefaultMinGB=8, SmallerMinGB=6, SmallestMinGB=0)
[2023.04.18-04.44.44:227][  0]LogInit: Going up to parent DeviceProfile []
[2023.04.18-04.44.44:227][  0]LogConfig: Applying CVar settings from Section [ViewDistanceQuality@3] File [D:/Git/Sotusei/GraduationWork/Saved/Config/Windows/Scalability.ini]
[2023.04.18-04.44.44:227][  0]LogConfig: Setting CVar [[r.SkeletalMeshLODBias:0]]
[2023.04.18-04.44.44:227][  0]LogConfig: Setting CVar [[r.ViewDistanceScale:1.0]]
[2023.04.18-04.44.44:227][  0]LogConfig: Applying CVar settings from Section [AntiAliasingQuality@3] File [D:/Git/Sotusei/GraduationWork/Saved/Config/Windows/Scalability.ini]
[2023.04.18-04.44.44:227][  0]LogConfig: Setting CVar [[r.PostProcessAAQuality:4]]
[2023.04.18-04.44.44:227][  0]LogConfig: Applying CVar settings from Section [ShadowQuality@3] File [D:/Git/Sotusei/GraduationWork/Saved/Config/Windows/Scalability.ini]
[2023.04.18-04.44.44:227][  0]LogConfig: Setting CVar [[r.LightFunctionQuality:1]]
[2023.04.18-04.44.44:227][  0]LogConfig: Setting CVar [[r.ShadowQuality:5]]
[2023.04.18-04.44.44:227][  0]LogConfig: Setting CVar [[r.Shadow.CSM.MaxCascades:10]]
[2023.04.18-04.44.44:227][  0]LogConfig: Setting CVar [[r.Shadow.MaxResolution:2048]]
[2023.04.18-04.44.44:227][  0]LogConfig: Setting CVar [[r.Shadow.MaxCSMResolution:2048]]
[2023.04.18-04.44.44:227][  0]LogConfig: Setting CVar [[r.Shadow.RadiusThreshold:0.01]]
[2023.04.18-04.44.44:227][  0]LogConfig: Setting CVar [[r.Shadow.DistanceScale:1.0]]
[2023.04.18-04.44.44:227][  0]LogConfig: Setting CVar [[r.Shadow.CSM.TransitionScale:1.0]]
[2023.04.18-04.44.44:227][  0]LogConfig: Setting CVar [[r.Shadow.PreShadowResolutionFactor:1.0]]
[2023.04.18-04.44.44:227][  0]LogConfig: Setting CVar [[r.DistanceFieldShadowing:1]]
[2023.04.18-04.44.44:227][  0]LogConfig: Setting CVar [[r.DistanceFieldAO:1]]
[2023.04.18-04.44.44:227][  0]LogConfig: Setting CVar [[r.AOQuality:2]]
[2023.04.18-04.44.44:227][  0]LogConfig: Setting CVar [[r.VolumetricFog:1]]
[2023.04.18-04.44.44:227][  0]LogConfig: Setting CVar [[r.VolumetricFog.GridPixelSize:8]]
[2023.04.18-04.44.44:227][  0]LogConfig: Setting CVar [[r.VolumetricFog.GridSizeZ:128]]
[2023.04.18-04.44.44:227][  0]LogConfig: Setting CVar [[r.VolumetricFog.HistoryMissSupersampleCount:4]]
[2023.04.18-04.44.44:227][  0]LogConfig: Setting CVar [[r.LightMaxDrawDistanceScale:1]]
[2023.04.18-04.44.44:227][  0]LogConfig: Setting CVar [[r.CapsuleShadows:1]]
[2023.04.18-04.44.44:227][  0]LogConfig: Applying CVar settings from Section [PostProcessQuality@3] File [D:/Git/Sotusei/GraduationWork/Saved/Config/Windows/Scalability.ini]
[2023.04.18-04.44.44:227][  0]LogConfig: Setting CVar [[r.MotionBlurQuality:4]]
[2023.04.18-04.44.44:227][  0]LogConfig: Setting CVar [[r.AmbientOcclusionMipLevelFactor:0.4]]
[2023.04.18-04.44.44:227][  0]LogConfig: Setting CVar [[r.AmbientOcclusionMaxQuality:100]]
[2023.04.18-04.44.44:227][  0]LogConfig: Setting CVar [[r.AmbientOcclusionLevels:-1]]
[2023.04.18-04.44.44:227][  0]LogConfig: Setting CVar [[r.AmbientOcclusionRadiusScale:1.0]]
[2023.04.18-04.44.44:227][  0]LogConfig: Setting CVar [[r.DepthOfFieldQuality:2]]
[2023.04.18-04.44.44:227][  0]LogConfig: Setting CVar [[r.RenderTargetPoolMin:400]]
[2023.04.18-04.44.44:227][  0]LogConfig: Setting CVar [[r.LensFlareQuality:2]]
[2023.04.18-04.44.44:227][  0]LogConfig: Setting CVar [[r.SceneColorFringeQuality:1]]
[2023.04.18-04.44.44:227][  0]LogConfig: Setting CVar [[r.EyeAdaptationQuality:2]]
[2023.04.18-04.44.44:227][  0]LogConfig: Setting CVar [[r.BloomQuality:5]]
[2023.04.18-04.44.44:227][  0]LogConfig: Setting CVar [[r.FastBlurThreshold:100]]
[2023.04.18-04.44.44:227][  0]LogConfig: Setting CVar [[r.Upscale.Quality:3]]
[2023.04.18-04.44.44:227][  0]LogConfig: Setting CVar [[r.Tonemapper.GrainQuantization:1]]
[2023.04.18-04.44.44:227][  0]LogConfig: Setting CVar [[r.LightShaftQuality:1]]
[2023.04.18-04.44.44:227][  0]LogConfig: Setting CVar [[r.Filter.SizeScale:1]]
[2023.04.18-04.44.44:227][  0]LogConfig: Setting CVar [[r.Tonemapper.Quality:5]]
[2023.04.18-04.44.44:227][  0]LogConfig: Setting CVar [[r.DOF.Gather.AccumulatorQuality:1        ; higher gathering accumulator quality]]
[2023.04.18-04.44.44:227][  0]LogConfig: Setting CVar [[r.DOF.Gather.PostfilterMethod:1          ; Median3x3 postfilering method]]
[2023.04.18-04.44.44:227][  0]LogConfig: Setting CVar [[r.DOF.Gather.EnableBokehSettings:0       ; no bokeh simulation when gathering]]
[2023.04.18-04.44.44:227][  0]LogConfig: Setting CVar [[r.DOF.Gather.RingCount:4                 ; medium number of samples when gathering]]
[2023.04.18-04.44.44:227][  0]LogConfig: Setting CVar [[r.DOF.Scatter.ForegroundCompositing:1    ; additive foreground scattering]]
[2023.04.18-04.44.44:227][  0]LogConfig: Setting CVar [[r.DOF.Scatter.BackgroundCompositing:2    ; additive background scattering]]
[2023.04.18-04.44.44:227][  0]LogConfig: Setting CVar [[r.DOF.Scatter.EnableBokehSettings:1      ; bokeh simulation when scattering]]
[2023.04.18-04.44.44:227][  0]LogConfig: Setting CVar [[r.DOF.Scatter.MaxSpriteRatio:0.1         ; only a maximum of 10% of scattered bokeh]]
[2023.04.18-04.44.44:227][  0]LogConfig: Setting CVar [[r.DOF.Recombine.Quality:1                ; cheap slight out of focus]]
[2023.04.18-04.44.44:227][  0]LogConfig: Setting CVar [[r.DOF.Recombine.EnableBokehSettings:0    ; no bokeh simulation on slight out of focus]]
[2023.04.18-04.44.44:227][  0]LogConfig: Setting CVar [[r.DOF.TemporalAAQuality:1                ; more stable temporal accumulation]]
[2023.04.18-04.44.44:227][  0]LogConfig: Setting CVar [[r.DOF.Kernel.MaxForegroundRadius:0.025]]
[2023.04.18-04.44.44:227][  0]LogConfig: Setting CVar [[r.DOF.Kernel.MaxBackgroundRadius:0.025]]
[2023.04.18-04.44.44:227][  0]LogConfig: Applying CVar settings from Section [TextureQuality@3] File [D:/Git/Sotusei/GraduationWork/Saved/Config/Windows/Scalability.ini]
[2023.04.18-04.44.44:227][  0]LogConfig: Setting CVar [[r.Streaming.MipBias:0]]
[2023.04.18-04.44.44:227][  0]LogConfig: Setting CVar [[r.Streaming.AmortizeCPUToGPUCopy:0]]
[2023.04.18-04.44.44:227][  0]LogConfig: Setting CVar [[r.Streaming.MaxNumTexturesToStreamPerFrame:0]]
[2023.04.18-04.44.44:227][  0]LogConfig: Setting CVar [[r.Streaming.Boost:1]]
[2023.04.18-04.44.44:227][  0]LogConfig: Setting CVar [[r.MaxAnisotropy:8]]
[2023.04.18-04.44.44:227][  0]LogConfig: Setting CVar [[r.VT.MaxAnisotropy:8]]
[2023.04.18-04.44.44:227][  0]LogConfig: Setting CVar [[r.Streaming.LimitPoolSizeToVRAM:0]]
[2023.04.18-04.44.44:227][  0]LogConfig: Setting CVar [[r.Streaming.PoolSize:1000]]
[2023.04.18-04.44.44:227][  0]LogConfig: Setting CVar [[r.Streaming.MaxEffectiveScreenSize:0]]
[2023.04.18-04.44.44:227][  0]LogConfig: Applying CVar settings from Section [EffectsQuality@3] File [D:/Git/Sotusei/GraduationWork/Saved/Config/Windows/Scalability.ini]
[2023.04.18-04.44.44:227][  0]LogConfig: Setting CVar [[r.TranslucencyLightingVolumeDim:64]]
[2023.04.18-04.44.44:227][  0]LogConfig: Setting CVar [[r.RefractionQuality:2]]
[2023.04.18-04.44.44:227][  0]LogConfig: Setting CVar [[r.SSR.Quality:3]]
[2023.04.18-04.44.44:227][  0]LogConfig: Setting CVar [[r.SSR.HalfResSceneColor:0]]
[2023.04.18-04.44.44:227][  0]LogConfig: Setting CVar [[r.SceneColorFormat:4]]
[2023.04.18-04.44.44:227][  0]LogConfig: Setting CVar [[r.DetailMode:2]]
[2023.04.18-04.44.44:227][  0]LogConfig: Setting CVar [[r.TranslucencyVolumeBlur:1]]
[2023.04.18-04.44.44:227][  0]LogConfig: Setting CVar [[r.MaterialQualityLevel:1 ; High quality]]
[2023.04.18-04.44.44:228][  0]LogConfig: Setting CVar [[r.AnisotropicMaterials:1]]
[2023.04.18-04.44.44:228][  0]LogConfig: Setting CVar [[r.SSS.Scale:1]]
[2023.04.18-04.44.44:228][  0]LogConfig: Setting CVar [[r.SSS.SampleSet:2]]
[2023.04.18-04.44.44:228][  0]LogConfig: Setting CVar [[r.SSS.Quality:1]]
[2023.04.18-04.44.44:228][  0]LogConfig: Setting CVar [[r.SSS.HalfRes:0]]
[2023.04.18-04.44.44:228][  0]LogConfig: Setting CVar [[r.SSGI.Quality:3]]
[2023.04.18-04.44.44:228][  0]LogConfig: Setting CVar [[r.EmitterSpawnRateScale:1.0]]
[2023.04.18-04.44.44:228][  0]LogConfig: Setting CVar [[r.ParticleLightQuality:2]]
[2023.04.18-04.44.44:228][  0]LogConfig: Setting CVar [[r.SkyAtmosphere.AerialPerspectiveLUT.FastApplyOnOpaque:1 ; Always have FastSkyLUT 1 in this case to avoid wrong sky]]
[2023.04.18-04.44.44:228][  0]LogConfig: Setting CVar [[r.SkyAtmosphere.AerialPerspectiveLUT.SampleCountMaxPerSlice:4]]
[2023.04.18-04.44.44:228][  0]LogConfig: Setting CVar [[r.SkyAtmosphere.AerialPerspectiveLUT.DepthResolution:16.0]]
[2023.04.18-04.44.44:228][  0]LogConfig: Setting CVar [[r.SkyAtmosphere.FastSkyLUT:1]]
[2023.04.18-04.44.44:228][  0]LogConfig: Setting CVar [[r.SkyAtmosphere.FastSkyLUT.SampleCountMin:4.0]]
[2023.04.18-04.44.44:228][  0]LogConfig: Setting CVar [[r.SkyAtmosphere.FastSkyLUT.SampleCountMax:128.0]]
[2023.04.18-04.44.44:228][  0]LogConfig: Setting CVar [[r.SkyAtmosphere.SampleCountMin:4.0]]
[2023.04.18-04.44.44:228][  0]LogConfig: Setting CVar [[r.SkyAtmosphere.SampleCountMax:128.0]]
[2023.04.18-04.44.44:228][  0]LogConfig: Setting CVar [[r.SkyAtmosphere.TransmittanceLUT.UseSmallFormat:0]]
[2023.04.18-04.44.44:228][  0]LogConfig: Setting CVar [[r.SkyAtmosphere.TransmittanceLUT.SampleCount:10.0]]
[2023.04.18-04.44.44:228][  0]LogConfig: Setting CVar [[r.SkyAtmosphere.MultiScatteringLUT.SampleCount:15.0]]
[2023.04.18-04.44.44:228][  0]LogConfig: Setting CVar [[r.SkyLight.RealTimeReflectionCapture:1]]
[2023.04.18-04.44.44:228][  0]LogConfig: Applying CVar settings from Section [FoliageQuality@3] File [D:/Git/Sotusei/GraduationWork/Saved/Config/Windows/Scalability.ini]
[2023.04.18-04.44.44:228][  0]LogConfig: Setting CVar [[foliage.DensityScale:1.0]]
[2023.04.18-04.44.44:228][  0]LogConfig: Setting CVar [[grass.DensityScale:1.0]]
[2023.04.18-04.44.44:228][  0]LogConfig: Applying CVar settings from Section [ShadingQuality@3] File [D:/Git/Sotusei/GraduationWork/Saved/Config/Windows/Scalability.ini]
[2023.04.18-04.44.44:228][  0]LogConfig: Setting CVar [[r.HairStrands.SkyLighting.IntegrationType:2]]
[2023.04.18-04.44.44:228][  0]LogConfig: Setting CVar [[r.HairStrands.SkyAO.SampleCount:4]]
[2023.04.18-04.44.44:228][  0]LogConfig: Setting CVar [[r.HairStrands.Visibility.MSAA.SamplePerPixel:4]]
[2023.04.18-04.44.44:228][  0]LogConfig: Applying CVar settings from Section [Startup] File [../../../Engine/Config/ConsoleVariables.ini]
[2023.04.18-04.44.44:228][  0]LogConfig: Setting CVar [[net.UseAdaptiveNetUpdateFrequency:0]]
[2023.04.18-04.44.44:228][  0]LogConfig: Setting CVar [[p.chaos.AllowCreatePhysxBodies:1]]
[2023.04.18-04.44.44:228][  0]LogConfig: Setting CVar [[fx.SkipVectorVMBackendOptimizations:1]]
[2023.04.18-04.44.44:228][  0]LogConfig: Applying CVar settings from Section [ConsoleVariables] File [D:/Git/Sotusei/GraduationWork/Saved/Config/Windows/Engine.ini]
[2023.04.18-04.44.44:228][  0]LogConfig: Applying CVar settings from Section [ConsoleVariables] File [D:/Git/Sotusei/GraduationWork/Saved/Config/Windows/Editor.ini]
[2023.04.18-04.44.44:228][  0]LogInit: Computer: MSI
[2023.04.18-04.44.44:228][  0]LogInit: User: 2200237
[2023.04.18-04.44.44:228][  0]LogInit: CPU Page size=4096, Cores=6
[2023.04.18-04.44.44:228][  0]LogInit: High frequency timer resolution =10.000000 MHz
[2023.04.18-04.44.44:228][  0]LogMemory: Memory total: Physical=15.8GB (16GB approx)
[2023.04.18-04.44.44:228][  0]LogMemory: Platform Memory Stats for Windows
[2023.04.18-04.44.44:228][  0]LogMemory: Process Physical Memory: 146.43 MB used, 146.44 MB peak
[2023.04.18-04.44.44:228][  0]LogMemory: Process Virtual Memory: 131.94 MB used, 131.94 MB peak
[2023.04.18-04.44.44:228][  0]LogMemory: Physical Memory: 7509.24 MB used,  8720.67 MB free, 16229.91 MB total
[2023.04.18-04.44.44:228][  0]LogMemory: Virtual Memory: 134208784.00 MB used,  8943.72 MB free, 134217728.00 MB total
[2023.04.18-04.44.44:261][  0]LogWindows: WindowsPlatformFeatures enabled
[2023.04.18-04.44.44:280][  0]LogInit: Physics initialised using underlying interface: PhysX
[2023.04.18-04.44.44:280][  0]LogInit: Using OS detected language (ja-JP).
[2023.04.18-04.44.44:280][  0]LogInit: Using OS detected locale (ja-JP).
[2023.04.18-04.44.44:282][  0]LogTextLocalizationManager: No specific localization for 'ja-JP' exists, so the 'ja' localization will be used.
[2023.04.18-04.44.44:368][  0]LogInit: Setting process to per monitor DPI aware
[2023.04.18-04.44.44:393][  0]LogWindowsTextInputMethodSystem: Display: IME system deactivated.
[2023.04.18-04.44.44:403][  0]LogSlate: New Slate User Created.  User Index 0, Is Virtual User: 0
[2023.04.18-04.44.44:403][  0]LogSlate: Slate User Registered.  User Index 0, Is Virtual User: 0
[2023.04.18-04.44.44:511][  0]LogD3D11RHI: Loaded GFSDK_Aftermath_Lib.x64.dll
[2023.04.18-04.44.44:558][  0]LogHMD: Failed to initialize OpenVR with code 110
[2023.04.18-04.44.44:558][  0]LogD3D11RHI: D3D11 min allowed feature level: 11_0
[2023.04.18-04.44.44:558][  0]LogD3D11RHI: D3D11 max allowed feature level: 11_0
[2023.04.18-04.44.44:558][  0]LogD3D11RHI: D3D11 adapters:
[2023.04.18-04.44.44:641][  0]LogD3D11RHI:    0. 'NVIDIA GeForce GTX 1650 with Max-Q Design' (Feature Level 11_0)
[2023.04.18-04.44.44:641][  0]LogD3D11RHI:       3962/0/8114 MB DedicatedVideo/DedicatedSystem/SharedSystem, Outputs:1, VendorId:0x10de
[2023.04.18-04.44.44:683][  0]LogD3D11RHI:    1. 'Intel(R) UHD Graphics 630' (Feature Level 11_0)
[2023.04.18-04.44.44:683][  0]LogD3D11RHI:       128/0/8114 MB DedicatedVideo/DedicatedSystem/SharedSystem, Outputs:0, VendorId:0x8086
[2023.04.18-04.44.44:686][  0]LogD3D11RHI:    2. 'Microsoft Basic Render Driver' (Feature Level 11_0)
[2023.04.18-04.44.44:686][  0]LogD3D11RHI:       0/0/8114 MB DedicatedVideo/DedicatedSystem/SharedSystem, Outputs:0, VendorId:0x1414
[2023.04.18-04.44.44:686][  0]LogD3D11RHI: Chosen D3D11 Adapter:
[2023.04.18-04.44.44:686][  0]LogD3D11RHI:     Description : NVIDIA GeForce GTX 1650 with Max-Q Design
[2023.04.18-04.44.44:686][  0]LogD3D11RHI:     VendorId    : 10de
[2023.04.18-04.44.44:686][  0]LogD3D11RHI:     DeviceId    : 1f91
[2023.04.18-04.44.44:686][  0]LogD3D11RHI:     SubSysId    : 127e1462
[2023.04.18-04.44.44:686][  0]LogD3D11RHI:     Revision    : 00a1
[2023.04.18-04.44.44:686][  0]LogD3D11RHI:     DedicatedVideoMemory : 4154458112 bytes
[2023.04.18-04.44.44:686][  0]LogD3D11RHI:     DedicatedSystemMemory : 0 bytes
[2023.04.18-04.44.44:686][  0]LogD3D11RHI:     SharedSystemMemory : 8509149184 bytes
[2023.04.18-04.44.44:686][  0]LogD3D11RHI:     AdapterLuid : 0 63065
[2023.04.18-04.44.44:691][  0]LogD3D11RHI: Creating new Direct3DDevice
[2023.04.18-04.44.44:691][  0]LogD3D11RHI:     GPU DeviceId: 0x1f91 (for the marketing name, search the web for "GPU Device Id")
[2023.04.18-04.44.44:691][  0]LogWindows: EnumDisplayDevices:
[2023.04.18-04.44.44:691][  0]LogWindows:    0. 'Intel(R) UHD Graphics 630' (P:1 D:1)
[2023.04.18-04.44.44:691][  0]LogWindows:    1. 'Intel(R) UHD Graphics 630' (P:0 D:0)
[2023.04.18-04.44.44:691][  0]LogWindows:    2. 'Intel(R) UHD Graphics 630' (P:0 D:0)
[2023.04.18-04.44.44:691][  0]LogWindows: DebugString: PrimaryIsNotTheChoosenAdapter PrimaryIsNotTheChoosenAdapter PrimaryIsNotTheChoosenAdapter FoundDriverCount:0 
[2023.04.18-04.44.44:691][  0]LogD3D11RHI:     Adapter Name: NVIDIA GeForce GTX 1650 with Max-Q Design
[2023.04.18-04.44.44:691][  0]LogD3D11RHI:   Driver Version: Unknown (internal:Unknown, unified:Unknown)
[2023.04.18-04.44.44:691][  0]LogD3D11RHI:      Driver Date: Unknown
[2023.04.18-04.44.44:691][  0]LogRHI: Texture pool is 2773 MB (70% of 3962 MB)
[2023.04.18-04.44.44:691][  0]LogD3D11RHI: Creating D3DDevice using adapter:
[2023.04.18-04.44.44:692][  0]LogD3D11RHI:     Description : NVIDIA GeForce GTX 1650 with Max-Q Design
[2023.04.18-04.44.44:692][  0]LogD3D11RHI:     VendorId    : 10de
[2023.04.18-04.44.44:692][  0]LogD3D11RHI:     DeviceId    : 1f91
[2023.04.18-04.44.44:692][  0]LogD3D11RHI:     SubSysId    : 127e1462
[2023.04.18-04.44.44:692][  0]LogD3D11RHI:     Revision    : 00a1
[2023.04.18-04.44.44:692][  0]LogD3D11RHI:     DedicatedVideoMemory : 4154458112 bytes
[2023.04.18-04.44.44:692][  0]LogD3D11RHI:     DedicatedSystemMemory : 0 bytes
[2023.04.18-04.44.44:692][  0]LogD3D11RHI:     SharedSystemMemory : 8509149184 bytes
[2023.04.18-04.44.44:692][  0]LogD3D11RHI:     AdapterLuid : 0 63065
[2023.04.18-04.44.44:746][  0]LogD3D11RHI: RHI has support for 64 bit atomics
[2023.04.18-04.44.44:746][  0]LogD3D11RHI: Async texture creation enabled
[2023.04.18-04.44.44:746][  0]LogD3D11RHI: Array index from any shader is supported
[2023.04.18-04.44.44:765][  0]LogD3D11RHI: GPU Timing Frequency: 1000.000000 (Debug: 2 2)
[2023.04.18-04.44.44:803][  0]LogRHI: GeForceNow SDK initialized: 1
[2023.04.18-04.44.45:090][  0]LogTargetPlatformManager: Display: Loaded TargetPlatform 'AllDesktop'
[2023.04.18-04.44.45:108][  0]LogTargetPlatformManager: Display: Loaded TargetPlatform 'Android'
[2023.04.18-04.44.45:108][  0]LogTargetPlatformManager: Display: Loaded TargetPlatform 'Android_ASTC'
[2023.04.18-04.44.45:108][  0]LogTargetPlatformManager: Display: Loaded TargetPlatform 'Android_DXT'
[2023.04.18-04.44.45:108][  0]LogTargetPlatformManager: Display: Loaded TargetPlatform 'Android_ETC2'
[2023.04.18-04.44.45:108][  0]LogTargetPlatformManager: Display: Loaded TargetPlatform 'AndroidClient'
[2023.04.18-04.44.45:108][  0]LogTargetPlatformManager: Display: Loaded TargetPlatform 'Android_ASTCClient'
[2023.04.18-04.44.45:108][  0]LogTargetPlatformManager: Display: Loaded TargetPlatform 'Android_DXTClient'
[2023.04.18-04.44.45:108][  0]LogTargetPlatformManager: Display: Loaded TargetPlatform 'Android_ETC2Client'
[2023.04.18-04.44.45:108][  0]LogTargetPlatformManager: Display: Loaded TargetPlatform 'Android_Multi'
[2023.04.18-04.44.45:108][  0]LogTargetPlatformManager: Display: Loaded TargetPlatform 'Android_MultiClient'
[2023.04.18-04.44.45:122][  0]LogTargetPlatformManager: Display: Loaded TargetPlatform 'IOSClient'
[2023.04.18-04.44.45:122][  0]LogTargetPlatformManager: Display: Loaded TargetPlatform 'IOS'
[2023.04.18-04.44.45:129][  0]LogTargetPlatformManager: Display: Loaded TargetPlatform 'Linux'
[2023.04.18-04.44.45:133][  0]LogTargetPlatformManager: Display: Loaded TargetPlatform 'LinuxNoEditor'
[2023.04.18-04.44.45:136][  0]LogTargetPlatformManager: Display: Loaded TargetPlatform 'LinuxClient'
[2023.04.18-04.44.45:140][  0]LogTargetPlatformManager: Display: Loaded TargetPlatform 'LinuxServer'
[2023.04.18-04.44.45:147][  0]LogTargetPlatformManager: Display: Loaded TargetPlatform 'LinuxAArch64NoEditor'
[2023.04.18-04.44.45:151][  0]LogTargetPlatformManager: Display: Loaded TargetPlatform 'LinuxAArch64Client'
[2023.04.18-04.44.45:154][  0]LogTargetPlatformManager: Display: Loaded TargetPlatform 'LinuxAArch64Server'
[2023.04.18-04.44.45:173][  0]LogTargetPlatformManager: Display: Loaded TargetPlatform 'Lumin'
[2023.04.18-04.44.45:173][  0]LogTargetPlatformManager: Display: Loaded TargetPlatform 'LuminClient'
[2023.04.18-04.44.45:179][  0]LogTargetPlatformManager: Display: Loaded TargetPlatform 'MacNoEditor'
[2023.04.18-04.44.45:183][  0]LogTargetPlatformManager: Display: Loaded TargetPlatform 'Mac'
[2023.04.18-04.44.45:186][  0]LogTargetPlatformManager: Display: Loaded TargetPlatform 'MacClient'
[2023.04.18-04.44.45:189][  0]LogTargetPlatformManager: Display: Loaded TargetPlatform 'MacServer'
[2023.04.18-04.44.45:197][  0]LogTargetPlatformManager: Display: Loaded TargetPlatform 'TVOSClient'
[2023.04.18-04.44.45:197][  0]LogTargetPlatformManager: Display: Loaded TargetPlatform 'TVOS'
[2023.04.18-04.44.45:205][  0]LogTargetPlatformManager: Display: Loaded TargetPlatform 'WindowsNoEditor'
[2023.04.18-04.44.45:209][  0]LogTargetPlatformManager: Display: Loaded TargetPlatform 'Windows'
[2023.04.18-04.44.45:215][  0]LogTargetPlatformManager: Display: Loaded TargetPlatform 'WindowsClient'
[2023.04.18-04.44.45:220][  0]LogTargetPlatformManager: Display: Loaded TargetPlatform 'WindowsServer'
[2023.04.18-04.44.45:220][  0]LogTargetPlatformManager: Display: Building Assets For Windows
[2023.04.18-04.44.45:229][  0]LogAudioDebug: Display: Lib vorbis DLL was dynamically loaded.
[2023.04.18-04.44.45:256][  0]LogTextureFormatOodle: Display: Oodle Texture 2.9.0 init RDO Off
[2023.04.18-04.44.45:286][  0]LogRendererCore: Ray tracing is disabled. Reason: r.RayTracing=0.
[2023.04.18-04.44.45:286][  0]LogShaderCompilers: Guid format shader working directory is 4 characters bigger than the processId version (../../../../../../Git/Sotusei/GraduationWork/Intermediate/Shaders/WorkingDirectory/4548/).
[2023.04.18-04.44.45:286][  0]LogShaderCompilers: Cleaned the shader compiler working directory 'C:/Users/2200237/AppData/Local/Temp/UnrealShaderWorkingDir/548B23914359D2092E95CDABA638C919/'.
[2023.04.18-04.44.45:286][  0]LogXGEController: Cannot use XGE Controller as Incredibuild is not installed on this machine.
[2023.04.18-04.44.45:286][  0]LogShaderCompilers: Cannot use XGE Shader Compiler as Incredibuild is not installed on this machine.
[2023.04.18-04.44.45:286][  0]LogShaderCompilers: Display: Using Local Shader Compiler.
[2023.04.18-04.44.45:995][  0]LogDerivedDataCache: Display: Max Cache Size: 512 MB
[2023.04.18-04.44.46:055][  0]LogDerivedDataCache: Loaded boot cache 0.06s 94MB C:/Users/2200237/AppData/Local/UnrealEngine/4.27/DerivedDataCache/Boot.ddc.
[2023.04.18-04.44.46:055][  0]LogDerivedDataCache: Display: Loaded Boot cache: C:/Users/2200237/AppData/Local/UnrealEngine/4.27/DerivedDataCache/Boot.ddc
[2023.04.18-04.44.46:055][  0]LogDerivedDataCache: FDerivedDataBackendGraph:  Pak pak cache file ../../../../../../Git/Sotusei/GraduationWork/DerivedDataCache/DDC.ddp not found, will not use a pak cache.
[2023.04.18-04.44.46:055][  0]LogDerivedDataCache: Unable to find inner node Pak for hierarchical cache Hierarchy.
[2023.04.18-04.44.46:055][  0]LogDerivedDataCache: FDerivedDataBackendGraph:  CompressedPak pak cache file ../../../../../../Git/Sotusei/GraduationWork/DerivedDataCache/Compressed.ddp not found, will not use a pak cache.
[2023.04.18-04.44.46:055][  0]LogDerivedDataCache: Unable to find inner node CompressedPak for hierarchical cache Hierarchy.
[2023.04.18-04.44.46:070][  0]LogDerivedDataCache: Display: Pak cache opened for reading ../../../Engine/DerivedDataCache/Compressed.ddp.
[2023.04.18-04.44.46:070][  0]LogDerivedDataCache: FDerivedDataBackendGraph:  EnterprisePak pak cache file ../../../Enterprise/DerivedDataCache/Compressed.ddp not found, will not use a pak cache.
[2023.04.18-04.44.46:070][  0]LogDerivedDataCache: Unable to find inner node EnterprisePak for hierarchical cache Hierarchy.
[2023.04.18-04.44.46:077][  0]LogDerivedDataCache: Speed tests for C:/Users/2200237/AppData/Local/UnrealEngine/Common/DerivedDataCache took 0.01 seconds
[2023.04.18-04.44.46:077][  0]LogDerivedDataCache: Display: Performance to C:/Users/2200237/AppData/Local/UnrealEngine/Common/DerivedDataCache: Latency=0.03ms. RandomReadSpeed=1260.08MBs, RandomWriteSpeed=174.50MBs. Assigned SpeedClass 'Local'
[2023.04.18-04.44.46:078][  0]LogDerivedDataCache: Using Local data cache path C:/Users/2200237/AppData/Local/UnrealEngine/Common/DerivedDataCache: Writable
[2023.04.18-04.44.46:079][  0]LogDerivedDataCache: Shared data cache path not found in *engine.ini, will not use an Shared cache.
[2023.04.18-04.44.46:079][  0]LogDerivedDataCache: Unable to find inner node Shared for hierarchical cache Hierarchy.
[2023.04.18-04.44.46:124][  0]LogSlate: Using FreeType 2.10.0
[2023.04.18-04.44.46:125][  0]LogSlate: SlateFontServices - WITH_FREETYPE: 1, WITH_HARFBUZZ: 1
[2023.04.18-04.44.46:148][  0]LogAssetRegistry: FAssetRegistry took 0.0023 seconds to start up
[2023.04.18-04.44.46:351][  0]LogInit: Selected Device Profile: [Windows]
[2023.04.18-04.44.46:351][  0]LogInit: Active device profile: [000001D648380B00][000001D63F5ADB40 49] Windows
[2023.04.18-04.44.46:351][  0]LogInit: Profiles: [000001D648380B00][000001D63F5ADB40 49] Windows, [000001D64833A100][000001D63F5B4140 49] WindowsNoEditor, [000001D648381900][000001D63F5B82C0 49] WindowsServer, [000001D64833AE00][000001D6466D6440 49] WindowsClient, [000001D648383C00][000001D63F5B0580 49] IOS, [000001D648338F00][000001D6466DA6C0 49] iPadAir, [000001D648383E00][000001D6466DE800 49] iPadAir2, [000001D6482F0C00][000001D6466EAA80 49] IPadPro, [000001D6482F0D00][000001D6466E2AC0 49] iPadAir3, [000001D64833BB00][000001D6466EEC40 49] iPadAir4, [000001D6482F3600][000001D6466F2DC0 49] iPadMini2, [000001D64833B200][000001D6466F6F40 49] iPadMini3, [000001D6482F3800][000001D6466FB0C0 49] iPadMini4, [000001D64833B800][000001D6466FF240 49] iPadMini5, [000001D6482F8600][000001D646707500 49] iPhone6, [000001D6482F8700][000001D646703540 49] iPodTouch6, [000001D648382900][000001D64670F800 49] iPhone7, [000001D648382800][000001D64670B840 49] iPodTouch7, [000001D6482F8100][000001D6467139C0 49] iPhone5S, [000001D6482F0700][000001D646717B40 49] iPhone6Plus, [000001D6482FA500][000001D64671A140 49] iPhone6S, [000001D6482F1300][000001D64671E2C0 49] iPhone6SPlus, [000001D6482FBB00][000001D646722440 49] iPhone7Plus, [000001D6482F3500][000001D6467265C0 49] iPhoneSE, [000001D648382600][000001D64672A740 49] iPhone8, [000001D6482F0600][000001D6466E6880 49] iPhone8Plus, [000001D648382200][000001D63F9989C0 49] iPhoneX, [000001D6482F3300][000001D63F99CB00 49] iPhoneXS, [000001D648383400][000001D63F9A4C80 49] iPhoneXSMax, [000001D6482F2D00][000001D63F9A8E00 49] iPhoneXR, [000001D648380200][000001D63F9ACF80 49] iPhone11, [000001D6482F1E00][000001D63F9B1100 49] iPhone11Pro, [000001D648382A00][000001D63F9B5280 49] iPhone11ProMax, [000001D6482F3700][000001D63F9B9400 49] iPhoneSE2, [000001D648380D00][000001D63F9BD580 49] iPhone12Mini, [000001D6482F1F00][000001D63F9C1700 49] iPhone12, [000001D648380700][000001D63F9C5880 49] iPhone12Pro, [000001D6482F1400][000001D63F9C9A00 49] iPhone12ProMax, [000001D648380C00][000001D63F9CDB80 49] iPadPro105, [000001D6482F1700][000001D63F9D0180 49] iPadPro129, [000001D648380100][000001D63F9D4300 49] iPadPro97, [000001D6482F3C00][000001D63F9D8480 49] iPadPro2_129, [000001D648380800][000001D63F9DC600 49] iPad5, [000001D6482F3100][000001D63F9E0780 49] iPad6, [000001D648380500][000001D63F9E4900 49] iPad7, [000001D6482F2800][000001D63F9A0A40 49] iPad8, [000001D648381500][000001D63F9E8B80 49] iPadPro11, [000001D6482F1500][000001D63F9ECCC0 49] iPadPro2_11, [000001D648380F00][000001D63F9F4E40 49] iPadPro3_129, [000001D6482F2C00][000001D63F9F8FC0 49] iPadPro4_129, [000001D648382500][000001D63F9FD140 49] AppleTV, [000001D6482F1100][000001D63FA012C0 49] AppleTV4K, [000001D648380400][000001D63FA05440 49] TVOS, [000001D6482F2600][000001D63FA095C0 49] Mac, [000001D648383D00][000001D63FA0D740 49] MacClient, [000001D6482F1800][000001D63FA118C0 49] MacNoEditor, [000001D648383100][000001D63FA15A40 49] MacServer, [000001D6482F3900][000001D63FA19BC0 49] Linux, [000001D648380900][000001D63FA1C1C0 49] LinuxAArch64, [000001D6482F3F00][000001D63FA20340 49] LinuxNoEditor, [000001D648381B00][000001D63FA244C0 49] LinuxAArch64NoEditor, [000001D6482F3400][000001D63FA28640 49] LinuxClient, [000001D648381C00][000001D63FA2C7C0 49] LinuxAArch64Client, [000001D6482F1D00][000001D63FA30940 49] LinuxServer, [000001D648382F00][000001D63FA34AC0 49] LinuxAArch64Server, [000001D6482F0500][000001D63F9F0C00 49] Android, [000001D648381E00][000001D63FA38D40 49] Android_Low, [000001D6482F3000][000001D63FA3CE80 49] Android_Mid, [000001D648382400][000001D63A248FC0 49] Android_High, [000001D6482F0800][000001D63A251140 49] Android_Default, [000001D648383200][000001D63A2552C0 49] Android_Adreno4xx, [000001D64833A400][000001D63A259440 49] Android_Adreno5xx_Low, [000001D6482F9C00][000001D63A25D5C0 49] Android_Adreno5xx, [000001D64833BD00][000001D63A261740 49] Android_Adreno6xx, [000001D6482FAB00][000001D63A2658C0 49] Android_Adreno6xx_Vulkan, [000001D64833BE00][000001D63A269A40 49] Android_Mali_T6xx, [000001D6482F8F00][000001D63A26DBC0 49] Android_Mali_T7xx, [000001D648339300][000001D63A2701C0 49] Android_Mali_T8xx, [000001D6482F9F00][000001D648740340 49] Android_Mali_G71, [000001D648339C00][000001D6487444C0 49] Android_Mali_G72, [000001D6482FA400][000001D648748640 49] Android_Mali_G72_Vulkan, [000001D64833B600][000001D64874C7C0 49] Android_Mali_G76, [000001D6482FA100][000001D648750940 49] Android_Mali_G76_Vulkan, [000001D648339B00][000001D648754AC0 49] Android_Mali_G77, [000001D6482F8A00][000001D648758C40 49] Android_Mali_G77_Vulkan, [000001D64833B400][000001D63A24CD80 49] Android_Mali_G78, [000001D6482F9300][000001D64875CEC0 49] Android_Mali_G78_Vulkan, [000001D64833A900][000001D648761000 49] Android_Mali_G710, [000001D6482FBD00][000001D648765140 49] Android_Mali_G710_Vulkan, [000001D648339E00][000001D64876D2C0 49] Android_Vulkan_SM5, [000001D6482F8900][000001D648771440 49] Android_PowerVR_G6xxx, [000001D648339F00][000001D6487755C0 49] Android_PowerVR_GT7xxx, [000001D6482FA700][000001D648779740 49] Android_PowerVR_GE8xxx, [000001D64833A300][000001D64877D8C0 49] Android_PowerVR_GM9xxx, [000001D6482FB200][000001D648781A40 49] Android_PowerVR_GM9xxx_Vulkan, [000001D64833B000][000001D648785BC0 49] Android_TegraK1, [000001D6482F9700][000001D6487881C0 49] Android_Unknown_Vulkan, [000001D64833B700][000001D64878C340 49] Lumin, [000001D6482F8200][000001D6487904C0 49] Lumin_Desktop, [000001D64833A200][000001D648794640 49] HoloLens, 
[2023.04.18-04.44.46:461][  0]LogMeshReduction: Using QuadricMeshReduction for automatic static mesh reduction
[2023.04.18-04.44.46:461][  0]LogMeshReduction: Using SimplygonMeshReduction for automatic skeletal mesh reduction
[2023.04.18-04.44.46:461][  0]LogMeshReduction: Using ProxyLODMeshReduction for automatic mesh merging
[2023.04.18-04.44.46:461][  0]LogMeshReduction: No distributed automatic mesh merging module available
[2023.04.18-04.44.46:461][  0]LogMeshMerging: No distributed automatic mesh merging module available
[2023.04.18-04.44.46:474][  0]LogNetVersion: GraduationWork 1.0.0, NetCL: 17155196, EngineNetVer: 17, GameNetVer: 0 (Checksum: 1378271182)
[2023.04.18-04.44.46:835][  0]LogTexture: Default maximum texture size for cubemaps generated from long-lat sources has been changed from 512 to unlimited. In order to preserve old behaiour for '/Engine/MapTemplates/Sky/DaylightAmbientCubemap.DaylightAmbientCubemap', its maximum texture size has been explicitly set to 512.
[2023.04.18-04.44.46:885][  0]LogHMD: PokeAHoleMaterial loaded successfully
[2023.04.18-04.44.46:890][  0]LogUObjectArray: 17178 objects as part of root set at end of initial load.
[2023.04.18-04.44.46:890][  0]LogUObjectAllocator: 4302048 out of 0 bytes used by permanent object pool.
[2023.04.18-04.44.46:890][  0]LogUObjectArray: CloseDisregardForGC: 0/0 objects in disregard for GC pool
[2023.04.18-04.44.47:100][  0]LogNiagaraDebuggerClient: Niagara Debugger Client Initialized | Session: D7E9D2B845BB5A44D95797945A3AF6D6 | Instance: F38D59A94FD1D5BE1F736498B63FC49B (MSI-4548).
[2023.04.18-04.44.47:132][  0]LogPython: Using Python 3.7.7
[2023.04.18-04.44.47:665][  0]LogTcpMessaging: Initializing TcpMessaging bridge
[2023.04.18-04.44.47:678][  0]LogUdpMessaging: Initializing bridge on interface 0.0.0.0:0 to multicast group 230.0.0.1:6666.
[2023.04.18-04.44.47:730][  0]LogLinker: Warning:  '/Game/ThirdPersonBP/ThirdPersonOverview' のロードに失敗しました: ファイルが見つかりません
[2023.04.18-04.44.47:730][  0]LogLinker: Warning:  '/Game/ThirdPersonBP/ThirdPersonOverview' のロードに失敗しました: ファイルが見つかりません
[2023.04.18-04.44.47:730][  0]LogUObjectGlobals: Warning: オブジェクト 'Class /Game/ThirdPersonBP/ThirdPersonOverview.ThirdPersonOverview_C' が見つかりませんでした
[2023.04.18-04.44.47:945][  0]SourceControl: ソースコントロールは無効です
[2023.04.18-04.44.47:945][  0]SourceControl: ソースコントロールは無効です
[2023.04.18-04.44.47:947][  0]SourceControl: ソースコントロールは無効です
[2023.04.18-04.44.47:955][  0]LogOpenImageDenoise: OIDN starting up
[2023.04.18-04.44.47:958][  0]SourceControl: ソースコントロールは無効です
[2023.04.18-04.44.47:965][  0]SourceControl: ソースコントロールは無効です
[2023.04.18-04.44.47:970][  0]LogUProjectInfo: Found projects:
[2023.04.18-04.44.48:009][  0]LogAndroidPermission: UAndroidPermissionCallbackProxy::GetInstance
[2023.04.18-04.44.48:026][  0]LogAudioCaptureCore: Display: No Audio Capture implementations found. Audio input will be silent.
[2023.04.18-04.44.48:026][  0]LogAudioCaptureCore: Display: No Audio Capture implementations found. Audio input will be silent.
[2023.04.18-04.44.48:126][  0]LogCollectionManager: Loaded 0 collections in 0.000640 seconds
[2023.04.18-04.44.48:147][  0]LogFileCache: Scanning file cache for directory 'D:/Git/Sotusei/GraduationWork/Saved/Collections/' took 0.00s
[2023.04.18-04.44.48:147][  0]LogFileCache: Scanning file cache for directory 'D:/Git/Sotusei/GraduationWork/Content/Developers/2200237/Collections/' took 0.00s
[2023.04.18-04.44.48:147][  0]LogFileCache: Scanning file cache for directory 'D:/Git/Sotusei/GraduationWork/Content/Collections/' took 0.00s
[2023.04.18-04.44.48:147][  0]LogOcInput: OculusInput pre-init called
[2023.04.18-04.44.48:376][  0]LogEngine: Initializing Engine...
[2023.04.18-04.44.49:828][  0]LogHMD: Failed to enumerate extensions. Please check that you have a valid OpenXR runtime installed.
[2023.04.18-04.44.49:828][  0]LogHMD: Failed to initialize OpenVR with code 110
[2023.04.18-04.44.49:927][  0]LogMagicLeap: Warning: VR disabled because ZI is not enabled.  To enable, in the editor, Edit -> Project Settings -> Plugins -> Magic Leap Plugin -> Enable Zero Iteration
[2023.04.18-04.44.49:928][  0]LogStats: UGameplayTagsManager::InitializeManager -  0.000 s
[2023.04.18-04.44.50:052][  0]LogInit: Initializing FReadOnlyCVARCache
[2023.04.18-04.44.50:058][  0]LogAIModule: Creating AISystem for world Untitled
[2023.04.18-04.44.50:059][  0]LogAudio: Display: Initializing Audio Device Manager...
[2023.04.18-04.44.50:062][  0]LogAudio: Display: Loading Default Audio Settings Objects...
[2023.04.18-04.44.50:063][  0]LogAudio: Display: No default SoundConcurrencyObject specified (or failed to load).
[2023.04.18-04.44.50:063][  0]LogAudio: Display: Audio Device Manager Initialized
[2023.04.18-04.44.50:063][  0]LogAudio: Display: Creating Audio Device:                 Id: 1, Scope: Shared, Realtime: True
[2023.04.18-04.44.50:063][  0]LogAudioMixer: Display: Audio Mixer Platform Settings:
[2023.04.18-04.44.50:063][  0]LogAudioMixer: Display: 	Sample Rate:						  48000
[2023.04.18-04.44.50:063][  0]LogAudioMixer: Display: 	Callback Buffer Frame Size Requested: 1024
[2023.04.18-04.44.50:063][  0]LogAudioMixer: Display: 	Callback Buffer Frame Size To Use:	  1024
[2023.04.18-04.44.50:064][  0]LogAudioMixer: Display: 	Number of buffers to queue:			  2
[2023.04.18-04.44.50:064][  0]LogAudioMixer: Display: 	Max Channels (voices):				  32
[2023.04.18-04.44.50:064][  0]LogAudioMixer: Display: 	Number of Async Source Workers:		  0
[2023.04.18-04.44.50:064][  0]LogAudio: Display: AudioDevice MaxSources: 32
[2023.04.18-04.44.50:064][  0]LogAudio: Display: Audio Spatialization Plugin: None (built-in).
[2023.04.18-04.44.50:064][  0]LogAudio: Display: Audio Reverb Plugin: None (built-in).
[2023.04.18-04.44.50:064][  0]LogAudio: Display: Audio Occlusion Plugin: None (built-in).
[2023.04.18-04.44.50:064][  0]LogAudioMixer: Display: Initializing audio mixer.
[2023.04.18-04.44.50:405][  0]LogAudioMixer: Display: 0: FrontLeft
[2023.04.18-04.44.50:405][  0]LogAudioMixer: Display: 1: FrontRight
[2023.04.18-04.44.50:749][  0]LogAudioMixer: Display: Using Audio Device スピーカー (Realtek(R) Audio)
[2023.04.18-04.44.50:751][  0]LogAudioMixer: Display: Initializing Sound Submixes...
[2023.04.18-04.44.50:753][  0]LogAudioMixer: Display: Creating Master Submix 'MasterSubmixDefault'
[2023.04.18-04.44.50:753][  0]LogAudioMixer: Display: Creating Master Submix 'MasterReverbSubmixDefault'
[2023.04.18-04.44.50:754][  0]LogAudioMixer: Display: Creating Master Submix 'MasterEQSubmixDefault'
[2023.04.18-04.44.50:754][  0]LogAudioMixer: FMixerPlatformXAudio2::StartAudioStream() called
[2023.04.18-04.44.50:754][  0]LogAudioMixer: Display: Output buffers initialized: Frames=1024, Channels=2, Samples=2048
[2023.04.18-04.44.50:755][  0]LogAudioMixer: Display: Starting AudioMixerPlatformInterface::RunInternal()
[2023.04.18-04.44.50:755][  0]LogAudioMixer: Display: FMixerPlatformXAudio2::SubmitBuffer() called for the first time
[2023.04.18-04.44.50:755][  0]LogInit: FAudioDevice initialized.
[2023.04.18-04.44.50:755][  0]LogAudio: Display: Audio Device (ID: 1) registered with world 'Untitled'.
[2023.04.18-04.44.50:755][  0]LogNetVersion: Set ProjectVersion to 1.0.0.0. Version Checksum will be recalculated on next use.
[2023.04.18-04.44.50:802][  0]LogDerivedDataCache: Saved boot cache 0.05s 94MB C:/Users/2200237/AppData/Local/UnrealEngine/4.27/DerivedDataCache/Boot.ddc.
[2023.04.18-04.44.50:802][  0]LogInit: Texture streaming: Enabled
[2023.04.18-04.44.50:812][  0]LogAnalytics: Display: [UEEditor.Rocket.Release] APIServer = https://datarouter.ol.epicgames.com/. AppVersion = 4.27.2-18319896+++UE4+Release-4.27
[2023.04.18-04.44.50:815][  0]LogEngineSessionManager: EngineSessionManager initialized
[2023.04.18-04.44.50:815][  0]LogEditorSessionSummary: Verbose: Initializing EditorSessionSummaryWriter for editor session tracking
[2023.04.18-04.44.50:819][  0]LogEditorSessionSummary: EditorSessionSummaryWriter initialized
[2023.04.18-04.44.50:831][  0]LogInit: Transaction tracking system initialized
[2023.04.18-04.44.50:845][  0]BlueprintLog: New page: エディタの読み込み
[2023.04.18-04.44.50:929][  0]LocalizationService: ローカライズのサービスが無効になりました
[2023.04.18-04.44.50:947][  0]TimingProfiler: Initialize
[2023.04.18-04.44.50:947][  0]TimingProfiler: OnSessionChanged
[2023.04.18-04.44.50:947][  0]LoadingProfiler: Initialize
[2023.04.18-04.44.50:947][  0]LoadingProfiler: OnSessionChanged
[2023.04.18-04.44.50:947][  0]NetworkingProfiler: Initialize
[2023.04.18-04.44.50:947][  0]NetworkingProfiler: OnSessionChanged
[2023.04.18-04.44.50:947][  0]MemoryProfiler: Initialize
[2023.04.18-04.44.50:947][  0]MemoryProfiler: OnSessionChanged
[2023.04.18-04.44.51:258][  0]LogCook: Display: CookSettings for Memory: MemoryMaxUsedVirtual 0MiB, MemoryMaxUsedPhysical 16384MiB, MemoryMinFreeVirtual 0MiB, MemoryMinFreePhysical 1024MiB
[2023.04.18-04.44.51:258][  0]LogCook: Display: Mobile HDR setting 1
[2023.04.18-04.44.51:403][  0]LogFileCache: Scanning file cache for directory 'D:/Git/Sotusei/GraduationWork/Content/' took 0.00s
[2023.04.18-04.44.51:598][  0]LogInit: Display: Engine is initialized. Leaving FEngineLoop::Init()
[2023.04.18-04.44.51:602][  0]SourceControl: ソースコントロールは無効です
[2023.04.18-04.44.51:602][  0]LogUnrealEdMisc: Loading editor; pre map load, took 8.479
[2023.04.18-04.44.51:937][  0]LogFactory: FactoryCreateFile: PackFactory with PackFactory (0 0 D:/Program Files/Epic Games/UE_4.27/FeaturePacks/StarterContent.upack)
[2023.04.18-04.44.51:938][  0]LogPakFile: PakFile PrimaryIndexSize=185
[2023.04.18-04.44.51:938][  0]LogPakFile: PakFile PathHashIndexSize=101
[2023.04.18-04.44.51:938][  0]LogPakFile: PakFile FullDirectoryIndexSize=148
[2023.04.18-04.44.55:396][  0]LogPackFactory: Finished extracting 8 files (including 0 errors).
[2023.04.18-04.44.56:162][  0]LogPackFactory: Copied "../../../Samples/StarterContent/Content/StarterContent/Architecture/Floor_400x400.uasset" to "../../../../../../Git/Sotusei/GraduationWork/Content/StarterContent/Architecture/Floor_400x400.uasset"
[2023.04.18-04.44.56:262][  0]LogPackFactory: Copied "../../../Samples/StarterContent/Content/StarterContent/Architecture/Pillar_50x500.uasset" to "../../../../../../Git/Sotusei/GraduationWork/Content/StarterContent/Architecture/Pillar_50x500.uasset"
[2023.04.18-04.44.56:289][  0]LogPackFactory: Copied "../../../Samples/StarterContent/Content/StarterContent/Architecture/SM_AssetPlatform.uasset" to "../../../../../../Git/Sotusei/GraduationWork/Content/StarterContent/Architecture/SM_AssetPlatform.uasset"
[2023.04.18-04.44.56:370][  0]LogPackFactory: Copied "../../../Samples/StarterContent/Content/StarterContent/Architecture/Wall_400x200.uasset" to "../../../../../../Git/Sotusei/GraduationWork/Content/StarterContent/Architecture/Wall_400x200.uasset"
[2023.04.18-04.44.56:840][  0]LogPackFactory: Copied "../../../Samples/StarterContent/Content/StarterContent/Architecture/Wall_400x300.uasset" to "../../../../../../Git/Sotusei/GraduationWork/Content/StarterContent/Architecture/Wall_400x300.uasset"
[2023.04.18-04.44.56:848][  0]LogPackFactory: Copied "../../../Samples/StarterContent/Content/StarterContent/Architecture/Wall_400x400.uasset" to "../../../../../../Git/Sotusei/GraduationWork/Content/StarterContent/Architecture/Wall_400x400.uasset"
[2023.04.18-04.44.56:880][  0]LogPackFactory: Copied "../../../Samples/StarterContent/Content/StarterContent/Architecture/Wall_500x500.uasset" to "../../../../../../Git/Sotusei/GraduationWork/Content/StarterContent/Architecture/Wall_500x500.uasset"
[2023.04.18-04.44.56:887][  0]LogPackFactory: Copied "../../../Samples/StarterContent/Content/StarterContent/Architecture/Wall_Door_400x300.uasset" to "../../../../../../Git/Sotusei/GraduationWork/Content/StarterContent/Architecture/Wall_Door_400x300.uasset"
[2023.04.18-04.44.57:079][  0]LogPackFactory: Copied "../../../Samples/StarterContent/Content/StarterContent/Architecture/Wall_Door_400x400.uasset" to "../../../../../../Git/Sotusei/GraduationWork/Content/StarterContent/Architecture/Wall_Door_400x400.uasset"
[2023.04.18-04.44.57:145][  0]LogPackFactory: Copied "../../../Samples/StarterContent/Content/StarterContent/Architecture/Wall_Window_400x300.uasset" to "../../../../../../Git/Sotusei/GraduationWork/Content/StarterContent/Architecture/Wall_Window_400x300.uasset"
[2023.04.18-04.44.57:164][  0]LogPackFactory: Copied "../../../Samples/StarterContent/Content/StarterContent/Architecture/Wall_Window_400x400.uasset" to "../../../../../../Git/Sotusei/GraduationWork/Content/StarterContent/Architecture/Wall_Window_400x400.uasset"
[2023.04.18-04.44.57:178][  0]LogPackFactory: Copied "../../../Samples/StarterContent/Content/StarterContent/Audio/Collapse01.uasset" to "../../../../../../Git/Sotusei/GraduationWork/Content/StarterContent/Audio/Collapse01.uasset"
[2023.04.18-04.44.57:425][  0]LogPackFactory: Copied "../../../Samples/StarterContent/Content/StarterContent/Audio/Collapse02.uasset" to "../../../../../../Git/Sotusei/GraduationWork/Content/StarterContent/Audio/Collapse02.uasset"
[2023.04.18-04.44.57:460][  0]LogPackFactory: Copied "../../../Samples/StarterContent/Content/StarterContent/Audio/Collapse_Cue.uasset" to "../../../../../../Git/Sotusei/GraduationWork/Content/StarterContent/Audio/Collapse_Cue.uasset"
[2023.04.18-04.44.57:554][  0]LogPackFactory: Copied "../../../Samples/StarterContent/Content/StarterContent/Audio/Explosion01.uasset" to "../../../../../../Git/Sotusei/GraduationWork/Content/StarterContent/Audio/Explosion01.uasset"
[2023.04.18-04.44.57:578][  0]LogPackFactory: Copied "../../../Samples/StarterContent/Content/StarterContent/Audio/Explosion02.uasset" to "../../../../../../Git/Sotusei/GraduationWork/Content/StarterContent/Audio/Explosion02.uasset"
[2023.04.18-04.44.57:740][  0]LogPackFactory: Copied "../../../Samples/StarterContent/Content/StarterContent/Audio/Explosion_Cue.uasset" to "../../../../../../Git/Sotusei/GraduationWork/Content/StarterContent/Audio/Explosion_Cue.uasset"
[2023.04.18-04.44.57:971][  0]LogPackFactory: Copied "../../../Samples/StarterContent/Content/StarterContent/Audio/Fire01.uasset" to "../../../../../../Git/Sotusei/GraduationWork/Content/StarterContent/Audio/Fire01.uasset"
[2023.04.18-04.44.58:495][  0]LogPackFactory: Copied "../../../Samples/StarterContent/Content/StarterContent/Audio/Fire01_Cue.uasset" to "../../../../../../Git/Sotusei/GraduationWork/Content/StarterContent/Audio/Fire01_Cue.uasset"
[2023.04.18-04.44.58:554][  0]LogPackFactory: Copied "../../../Samples/StarterContent/Content/StarterContent/Audio/Fire_Sparks01.uasset" to "../../../../../../Git/Sotusei/GraduationWork/Content/StarterContent/Audio/Fire_Sparks01.uasset"
[2023.04.18-04.44.58:718][  0]LogPackFactory: Copied "../../../Samples/StarterContent/Content/StarterContent/Audio/Fire_Sparks01_Cue.uasset" to "../../../../../../Git/Sotusei/GraduationWork/Content/StarterContent/Audio/Fire_Sparks01_Cue.uasset"
[2023.04.18-04.44.59:250][  0]LogPackFactory: Copied "../../../Samples/StarterContent/Content/StarterContent/Audio/Light01.uasset" to "../../../../../../Git/Sotusei/GraduationWork/Content/StarterContent/Audio/Light01.uasset"
[2023.04.18-04.44.59:370][  0]LogPackFactory: Copied "../../../Samples/StarterContent/Content/StarterContent/Audio/Light01_Cue.uasset" to "../../../../../../Git/Sotusei/GraduationWork/Content/StarterContent/Audio/Light01_Cue.uasset"
[2023.04.18-04.44.59:748][  0]LogPackFactory: Copied "../../../Samples/StarterContent/Content/StarterContent/Audio/Light02.uasset" to "../../../../../../Git/Sotusei/GraduationWork/Content/StarterContent/Audio/Light02.uasset"
[2023.04.18-04.45.00:301][  0]LogPackFactory: Copied "../../../Samples/StarterContent/Content/StarterContent/Audio/Light02_Cue.uasset" to "../../../../../../Git/Sotusei/GraduationWork/Content/StarterContent/Audio/Light02_Cue.uasset"
[2023.04.18-04.45.00:537][  0]LogPackFactory: Copied "../../../Samples/StarterContent/Content/StarterContent/Audio/Smoke01.uasset" to "../../../../../../Git/Sotusei/GraduationWork/Content/StarterContent/Audio/Smoke01.uasset"
[2023.04.18-04.45.00:894][  0]LogPackFactory: Copied "../../../Samples/StarterContent/Content/StarterContent/Audio/Smoke01_Cue.uasset" to "../../../../../../Git/Sotusei/GraduationWork/Content/StarterContent/Audio/Smoke01_Cue.uasset"
[2023.04.18-04.45.01:018][  0]LogPackFactory: Copied "../../../Samples/StarterContent/Content/StarterContent/Audio/Starter_Background_Cue.uasset" to "../../../../../../Git/Sotusei/GraduationWork/Content/StarterContent/Audio/Starter_Background_Cue.uasset"
[2023.04.18-04.45.01:646][  0]LogPackFactory: Copied "../../../Samples/StarterContent/Content/StarterContent/Audio/Starter_Birds01.uasset" to "../../../../../../Git/Sotusei/GraduationWork/Content/StarterContent/Audio/Starter_Birds01.uasset"
[2023.04.18-04.45.01:763][  0]LogPackFactory: Copied "../../../Samples/StarterContent/Content/StarterContent/Audio/Starter_Music01.uasset" to "../../../../../../Git/Sotusei/GraduationWork/Content/StarterContent/Audio/Starter_Music01.uasset"
[2023.04.18-04.45.01:975][  0]LogPackFactory: Copied "../../../Samples/StarterContent/Content/StarterContent/Audio/Starter_Music_Cue.uasset" to "../../../../../../Git/Sotusei/GraduationWork/Content/StarterContent/Audio/Starter_Music_Cue.uasset"
[2023.04.18-04.45.02:062][  0]LogPackFactory: Copied "../../../Samples/StarterContent/Content/StarterContent/Audio/Starter_Wind05.uasset" to "../../../../../../Git/Sotusei/GraduationWork/Content/StarterContent/Audio/Starter_Wind05.uasset"
[2023.04.18-04.45.02:296][  0]LogPackFactory: Copied "../../../Samples/StarterContent/Content/StarterContent/Audio/Starter_Wind06.uasset" to "../../../../../../Git/Sotusei/GraduationWork/Content/StarterContent/Audio/Starter_Wind06.uasset"
[2023.04.18-04.45.02:450][  0]LogPackFactory: Copied "../../../Samples/StarterContent/Content/StarterContent/Audio/Steam01.uasset" to "../../../../../../Git/Sotusei/GraduationWork/Content/StarterContent/Audio/Steam01.uasset"
[2023.04.18-04.45.02:511][  0]LogPackFactory: Copied "../../../Samples/StarterContent/Content/StarterContent/Audio/Steam01_Cue.uasset" to "../../../../../../Git/Sotusei/GraduationWork/Content/StarterContent/Audio/Steam01_Cue.uasset"
[2023.04.18-04.45.02:770][  0]LogPackFactory: Copied "../../../Samples/StarterContent/Content/StarterContent/Blueprints/Blueprint_CeilingLight.uasset" to "../../../../../../Git/Sotusei/GraduationWork/Content/StarterContent/Blueprints/Blueprint_CeilingLight.uasset"
[2023.04.18-04.45.03:026][  0]LogPackFactory: Copied "../../../Samples/StarterContent/Content/StarterContent/Blueprints/Blueprint_Effect_Explosion.uasset" to "../../../../../../Git/Sotusei/GraduationWork/Content/StarterContent/Blueprints/Blueprint_Effect_Explosion.uasset"
[2023.04.18-04.45.03:225][  0]LogPackFactory: Copied "../../../Samples/StarterContent/Content/StarterContent/Blueprints/Blueprint_Effect_Fire.uasset" to "../../../../../../Git/Sotusei/GraduationWork/Content/StarterContent/Blueprints/Blueprint_Effect_Fire.uasset"
[2023.04.18-04.45.03:236][  0]LogPackFactory: Copied "../../../Samples/StarterContent/Content/StarterContent/Blueprints/Blueprint_Effect_Smoke.uasset" to "../../../../../../Git/Sotusei/GraduationWork/Content/StarterContent/Blueprints/Blueprint_Effect_Smoke.uasset"
[2023.04.18-04.45.03:264][  0]LogPackFactory: Copied "../../../Samples/StarterContent/Content/StarterContent/Blueprints/Blueprint_Effect_Sparks.uasset" to "../../../../../../Git/Sotusei/GraduationWork/Content/StarterContent/Blueprints/Blueprint_Effect_Sparks.uasset"
[2023.04.18-04.45.03:540][  0]LogPackFactory: Copied "../../../Samples/StarterContent/Content/StarterContent/Blueprints/Blueprint_Effect_Steam.uasset" to "../../../../../../Git/Sotusei/GraduationWork/Content/StarterContent/Blueprints/Blueprint_Effect_Steam.uasset"
[2023.04.18-04.45.03:546][  0]LogPackFactory: Copied "../../../Samples/StarterContent/Content/StarterContent/Blueprints/Blueprint_WallSconce.uasset" to "../../../../../../Git/Sotusei/GraduationWork/Content/StarterContent/Blueprints/Blueprint_WallSconce.uasset"
[2023.04.18-04.45.03:615][  0]LogPackFactory: Copied "../../../Samples/StarterContent/Content/StarterContent/Blueprints/BP_LightStudio.uasset" to "../../../../../../Git/Sotusei/GraduationWork/Content/StarterContent/Blueprints/BP_LightStudio.uasset"
[2023.04.18-04.45.03:626][  0]LogPackFactory: Copied "../../../Samples/StarterContent/Content/StarterContent/Blueprints/Assets/FogBrightnessLUT.uasset" to "../../../../../../Git/Sotusei/GraduationWork/Content/StarterContent/Blueprints/Assets/FogBrightnessLUT.uasset"
[2023.04.18-04.45.03:831][  0]LogPackFactory: Copied "../../../Samples/StarterContent/Content/StarterContent/Blueprints/Assets/M_LightStage_Arrows.uasset" to "../../../../../../Git/Sotusei/GraduationWork/Content/StarterContent/Blueprints/Assets/M_LightStage_Arrows.uasset"
[2023.04.18-04.45.03:985][  0]LogPackFactory: Copied "../../../Samples/StarterContent/Content/StarterContent/Blueprints/Assets/M_LightStage_Skybox_Black.uasset" to "../../../../../../Git/Sotusei/GraduationWork/Content/StarterContent/Blueprints/Assets/M_LightStage_Skybox_Black.uasset"
[2023.04.18-04.45.04:015][  0]LogPackFactory: Copied "../../../Samples/StarterContent/Content/StarterContent/Blueprints/Assets/M_LightStage_Skybox_HDRI.uasset" to "../../../../../../Git/Sotusei/GraduationWork/Content/StarterContent/Blueprints/Assets/M_LightStage_Skybox_HDRI.uasset"
[2023.04.18-04.45.04:289][  0]LogPackFactory: Copied "../../../Samples/StarterContent/Content/StarterContent/Blueprints/Assets/M_LightStage_Skybox_Master.uasset" to "../../../../../../Git/Sotusei/GraduationWork/Content/StarterContent/Blueprints/Assets/M_LightStage_Skybox_Master.uasset"
[2023.04.18-04.45.04:537][  0]LogPackFactory: Copied "../../../Samples/StarterContent/Content/StarterContent/Blueprints/Assets/Skybox.uasset" to "../../../../../../Git/Sotusei/GraduationWork/Content/StarterContent/Blueprints/Assets/Skybox.uasset"
[2023.04.18-04.45.04:650][  0]LogPackFactory: Copied "../../../Samples/StarterContent/Content/StarterContent/Blueprints/Assets/SM_Arrows.uasset" to "../../../../../../Git/Sotusei/GraduationWork/Content/StarterContent/Blueprints/Assets/SM_Arrows.uasset"
[2023.04.18-04.45.04:777][  0]LogPackFactory: Copied "../../../Samples/StarterContent/Content/StarterContent/Blueprints/Assets/SunlightColorLUT.uasset" to "../../../../../../Git/Sotusei/GraduationWork/Content/StarterContent/Blueprints/Assets/SunlightColorLUT.uasset"
[2023.04.18-04.45.09:156][  0]LogPackFactory: Copied "../../../Samples/StarterContent/Content/StarterContent/HDRI/HDRI_Epic_Courtyard_Daylight.uasset" to "../../../../../../Git/Sotusei/GraduationWork/Content/StarterContent/HDRI/HDRI_Epic_Courtyard_Daylight.uasset"
[2023.04.18-04.45.09:423][  0]LogPackFactory: Copied "../../../Samples/StarterContent/Content/StarterContent/Maps/Advanced_Lighting.umap" to "../../../../../../Git/Sotusei/GraduationWork/Content/StarterContent/Maps/Advanced_Lighting.umap"
[2023.04.18-04.45.09:497][  0]LogPackFactory: Copied "../../../Samples/StarterContent/Content/StarterContent/Maps/Advanced_Lighting_BuiltData.uasset" to "../../../../../../Git/Sotusei/GraduationWork/Content/StarterContent/Maps/Advanced_Lighting_BuiltData.uasset"
[2023.04.18-04.45.09:736][  0]LogPackFactory: Copied "../../../Samples/StarterContent/Content/StarterContent/Maps/Minimal_Default.umap" to "../../../../../../Git/Sotusei/GraduationWork/Content/StarterContent/Maps/Minimal_Default.umap"
[2023.04.18-04.45.09:987][  0]LogPackFactory: Copied "../../../Samples/StarterContent/Content/StarterContent/Maps/Minimal_Default_BuiltData.uasset" to "../../../../../../Git/Sotusei/GraduationWork/Content/StarterContent/Maps/Minimal_Default_BuiltData.uasset"
[2023.04.18-04.45.10:555][  0]LogPackFactory: Copied "../../../Samples/StarterContent/Content/StarterContent/Maps/StarterMap.umap" to "../../../../../../Git/Sotusei/GraduationWork/Content/StarterContent/Maps/StarterMap.umap"
[2023.04.18-04.45.12:476][  0]LogPackFactory: Copied "../../../Samples/StarterContent/Content/StarterContent/Maps/StarterMap_BuiltData.uasset" to "../../../../../../Git/Sotusei/GraduationWork/Content/StarterContent/Maps/StarterMap_BuiltData.uasset"
[2023.04.18-04.45.12:567][  0]LogPackFactory: Copied "../../../Samples/StarterContent/Content/StarterContent/Materials/M_AssetPlatform.uasset" to "../../../../../../Git/Sotusei/GraduationWork/Content/StarterContent/Materials/M_AssetPlatform.uasset"
[2023.04.18-04.45.12:582][  0]LogPackFactory: Copied "../../../Samples/StarterContent/Content/StarterContent/Materials/M_Basic_Floor.uasset" to "../../../../../../Git/Sotusei/GraduationWork/Content/StarterContent/Materials/M_Basic_Floor.uasset"
[2023.04.18-04.45.13:337][  0]LogPackFactory: Copied "../../../Samples/StarterContent/Content/StarterContent/Materials/M_Basic_Wall.uasset" to "../../../../../../Git/Sotusei/GraduationWork/Content/StarterContent/Materials/M_Basic_Wall.uasset"
[2023.04.18-04.45.13:400][  0]LogPackFactory: Copied "../../../Samples/StarterContent/Content/StarterContent/Materials/M_Brick_Clay_Beveled.uasset" to "../../../../../../Git/Sotusei/GraduationWork/Content/StarterContent/Materials/M_Brick_Clay_Beveled.uasset"
[2023.04.18-04.45.13:457][  0]LogPackFactory: Copied "../../../Samples/StarterContent/Content/StarterContent/Materials/M_Brick_Clay_New.uasset" to "../../../../../../Git/Sotusei/GraduationWork/Content/StarterContent/Materials/M_Brick_Clay_New.uasset"
[2023.04.18-04.45.13:501][  0]LogPackFactory: Copied "../../../Samples/StarterContent/Content/StarterContent/Materials/M_Brick_Clay_Old.uasset" to "../../../../../../Git/Sotusei/GraduationWork/Content/StarterContent/Materials/M_Brick_Clay_Old.uasset"
[2023.04.18-04.45.13:674][  0]LogPackFactory: Copied "../../../Samples/StarterContent/Content/StarterContent/Materials/M_Brick_Cut_Stone.uasset" to "../../../../../../Git/Sotusei/GraduationWork/Content/StarterContent/Materials/M_Brick_Cut_Stone.uasset"
[2023.04.18-04.45.13:776][  0]LogPackFactory: Copied "../../../Samples/StarterContent/Content/StarterContent/Materials/M_Brick_Hewn_Stone.uasset" to "../../../../../../Git/Sotusei/GraduationWork/Content/StarterContent/Materials/M_Brick_Hewn_Stone.uasset"
[2023.04.18-04.45.13:877][  0]LogPackFactory: Copied "../../../Samples/StarterContent/Content/StarterContent/Materials/M_Ceramic_Tile_Checker.uasset" to "../../../../../../Git/Sotusei/GraduationWork/Content/StarterContent/Materials/M_Ceramic_Tile_Checker.uasset"
[2023.04.18-04.45.13:901][  0]LogPackFactory: Copied "../../../Samples/StarterContent/Content/StarterContent/Materials/M_CobbleStone_Pebble.uasset" to "../../../../../../Git/Sotusei/GraduationWork/Content/StarterContent/Materials/M_CobbleStone_Pebble.uasset"
[2023.04.18-04.45.14:413][  0]LogPackFactory: Copied "../../../Samples/StarterContent/Content/StarterContent/Materials/M_CobbleStone_Rough.uasset" to "../../../../../../Git/Sotusei/GraduationWork/Content/StarterContent/Materials/M_CobbleStone_Rough.uasset"
[2023.04.18-04.45.14:427][  0]LogPackFactory: Copied "../../../Samples/StarterContent/Content/StarterContent/Materials/M_CobbleStone_Smooth.uasset" to "../../../../../../Git/Sotusei/GraduationWork/Content/StarterContent/Materials/M_CobbleStone_Smooth.uasset"
[2023.04.18-04.45.14:451][  0]LogPackFactory: Copied "../../../Samples/StarterContent/Content/StarterContent/Materials/M_ColorGrid_LowSpec.uasset" to "../../../../../../Git/Sotusei/GraduationWork/Content/StarterContent/Materials/M_ColorGrid_LowSpec.uasset"
[2023.04.18-04.45.14:683][  0]LogPackFactory: Copied "../../../Samples/StarterContent/Content/StarterContent/Materials/M_Concrete_Grime.uasset" to "../../../../../../Git/Sotusei/GraduationWork/Content/StarterContent/Materials/M_Concrete_Grime.uasset"
[2023.04.18-04.45.14:994][  0]LogPackFactory: Copied "../../../Samples/StarterContent/Content/StarterContent/Materials/M_Concrete_Panels.uasset" to "../../../../../../Git/Sotusei/GraduationWork/Content/StarterContent/Materials/M_Concrete_Panels.uasset"
[2023.04.18-04.45.15:102][  0]LogPackFactory: Copied "../../../Samples/StarterContent/Content/StarterContent/Materials/M_Concrete_Poured.uasset" to "../../../../../../Git/Sotusei/GraduationWork/Content/StarterContent/Materials/M_Concrete_Poured.uasset"
[2023.04.18-04.45.15:315][  0]LogPackFactory: Copied "../../../Samples/StarterContent/Content/StarterContent/Materials/M_Concrete_Tiles.uasset" to "../../../../../../Git/Sotusei/GraduationWork/Content/StarterContent/Materials/M_Concrete_Tiles.uasset"
[2023.04.18-04.45.15:403][  0]LogPackFactory: Copied "../../../Samples/StarterContent/Content/StarterContent/Materials/M_Glass.uasset" to "../../../../../../Git/Sotusei/GraduationWork/Content/StarterContent/Materials/M_Glass.uasset"
[2023.04.18-04.45.15:721][  0]LogPackFactory: Copied "../../../Samples/StarterContent/Content/StarterContent/Materials/M_Ground_Grass.uasset" to "../../../../../../Git/Sotusei/GraduationWork/Content/StarterContent/Materials/M_Ground_Grass.uasset"
[2023.04.18-04.45.15:861][  0]LogPackFactory: Copied "../../../Samples/StarterContent/Content/StarterContent/Materials/M_Ground_Gravel.uasset" to "../../../../../../Git/Sotusei/GraduationWork/Content/StarterContent/Materials/M_Ground_Gravel.uasset"
[2023.04.18-04.45.15:892][  0]LogPackFactory: Copied "../../../Samples/StarterContent/Content/StarterContent/Materials/M_Ground_Moss.uasset" to "../../../../../../Git/Sotusei/GraduationWork/Content/StarterContent/Materials/M_Ground_Moss.uasset"
[2023.04.18-04.45.15:901][  0]LogPackFactory: Copied "../../../Samples/StarterContent/Content/StarterContent/Materials/M_Metal_Brushed_Nickel.uasset" to "../../../../../../Git/Sotusei/GraduationWork/Content/StarterContent/Materials/M_Metal_Brushed_Nickel.uasset"
[2023.04.18-04.45.16:200][  0]LogPackFactory: Copied "../../../Samples/StarterContent/Content/StarterContent/Materials/M_Metal_Burnished_Steel.uasset" to "../../../../../../Git/Sotusei/GraduationWork/Content/StarterContent/Materials/M_Metal_Burnished_Steel.uasset"
[2023.04.18-04.45.16:349][  0]LogPackFactory: Copied "../../../Samples/StarterContent/Content/StarterContent/Materials/M_Metal_Chrome.uasset" to "../../../../../../Git/Sotusei/GraduationWork/Content/StarterContent/Materials/M_Metal_Chrome.uasset"
[2023.04.18-04.45.16:519][  0]LogPackFactory: Copied "../../../Samples/StarterContent/Content/StarterContent/Materials/M_Metal_Copper.uasset" to "../../../../../../Git/Sotusei/GraduationWork/Content/StarterContent/Materials/M_Metal_Copper.uasset"
[2023.04.18-04.45.16:706][  0]LogPackFactory: Copied "../../../Samples/StarterContent/Content/StarterContent/Materials/M_Metal_Gold.uasset" to "../../../../../../Git/Sotusei/GraduationWork/Content/StarterContent/Materials/M_Metal_Gold.uasset"
[2023.04.18-04.45.17:270][  0]LogPackFactory: Copied "../../../Samples/StarterContent/Content/StarterContent/Materials/M_Metal_Rust.uasset" to "../../../../../../Git/Sotusei/GraduationWork/Content/StarterContent/Materials/M_Metal_Rust.uasset"
[2023.04.18-04.45.17:563][  0]LogPackFactory: Copied "../../../Samples/StarterContent/Content/StarterContent/Materials/M_Metal_Steel.uasset" to "../../../../../../Git/Sotusei/GraduationWork/Content/StarterContent/Materials/M_Metal_Steel.uasset"
[2023.04.18-04.45.17:792][  0]LogPackFactory: Copied "../../../Samples/StarterContent/Content/StarterContent/Materials/M_Rock_Basalt.uasset" to "../../../../../../Git/Sotusei/GraduationWork/Content/StarterContent/Materials/M_Rock_Basalt.uasset"
[2023.04.18-04.45.17:916][  0]LogPackFactory: Copied "../../../Samples/StarterContent/Content/StarterContent/Materials/M_Rock_Marble_Polished.uasset" to "../../../../../../Git/Sotusei/GraduationWork/Content/StarterContent/Materials/M_Rock_Marble_Polished.uasset"
